    Checking bootstrap v0.1.0 (/mnt/c/Users/gentd/OneDrive/Documents/GitHub/solfunmeme-dioxus/bootstrap)
 Documenting bootstrap v0.1.0 (/mnt/c/Users/gentd/OneDrive/Documents/GitHub/solfunmeme-dioxus/bootstrap)
error[E0428]: the name `log_canonical_threshold` is defined multiple times
   --> bootstrap/src/bott.rs:212:5
    |
164 |     fn log_canonical_threshold(&self) -> f64;
    |     ----------------------------------------- previous definition of the value `log_canonical_threshold` here
...
212 |     fn log_canonical_threshold(&self) -> f64;
    |     ^^^^^^^^^^^^^^^^^^^^^^^^^^^^^^^^^^^^^^^^^ `log_canonical_threshold` redefined here
    |
    = note: `log_canonical_threshold` must be defined only once in the value namespace of this trait

error[E0428]: the name `Network` is defined multiple times
  --> bootstrap/src/emojistage.rs:60:5
   |
18 |     Network,    // 11 - Network protocols
   |     ------- previous definition of the type `Network` here
...
60 |     Network,    // OSI Layer 3 - Network layer (routing, IP)
   |     ^^^^^^^ `Network` redefined here
   |
   = note: `Network` must be defined only once in the type namespace of this enum

error[E0407]: method `is_godel_prime` is not a member of trait `Godel`
   --> bootstrap/src/emojistage.rs:505:5
    |
505 | /     fn is_godel_prime(&self) -> bool {
506 | |         // All EmojiStage variants are assigned unique primes
507 | |         true
508 | |     }
    | |_____^ not a member of trait `Godel`

error[E0407]: method `godel_factors` is not a member of trait `Godel`
   --> bootstrap/src/emojistage.rs:510:5
    |
510 | /     fn godel_factors(&self) -> Vec<u64> {
511 | |         vec![self.godel_number()]
512 | |     }
    | |_____^ not a member of trait `Godel`

error[E0407]: method `godel_equivalent` is not a member of trait `Godel`
   --> bootstrap/src/emojistage.rs:514:5
    |
514 | /     fn godel_equivalent(&self, other: &Self) -> bool {
515 | |         self.godel_number() == other.godel_number()
516 | |     }
    | |_____^ not a member of trait `Godel`

error[E0201]: duplicate definitions with name `log_canonical_threshold`:
   --> bootstrap/src/bott.rs:625:5
    |
164 |       fn log_canonical_threshold(&self) -> f64;
    |       ----------------------------------------- item in trait
...
545 | /     fn log_canonical_threshold(&self) -> f64 {
546 | |         // Simplified - in practice this would compute actual log canonical threshold
547 | |         1.0
548 | |     }
    | |_____- previous definition here
...
625 | /     fn log_canonical_threshold(&self) -> f64 {
626 | |         // Simplified - in practice this would compute actual lc threshold
627 | |         1.0
628 | |     }
    | |_____^ duplicate definition

error[E0407]: method `is_prime` is not a member of trait `OEIS`
   --> bootstrap/src/oeis.rs:329:5
    |
329 | /     fn is_prime(&self, n: i64) -> bool {
330 | |         if n < 2 { return false; }
331 | |         if n == 2 { return true; }
332 | |         if n % 2 == 0 { return false; }
...   |
337 | |         true
338 | |     }
    | |_____^ not a member of trait `OEIS`

error[E0407]: method `binomial_coefficient` is not a member of trait `OEIS`
   --> bootstrap/src/oeis.rs:340:5
    |
340 | /     fn binomial_coefficient(&self, n: usize, k: usize) -> i64 {
341 | |         if k > n { return 0; }
342 | |         if k == 0 || k == n { return 1; }
343 | |         let mut result = 1;
...   |
347 | |         result
348 | |     }
    | |_____^ not a member of trait `OEIS`

error[E0407]: method `calculate_coherence` is not a member of trait `Phase2`
   --> bootstrap/src/phase2.rs:630:5
    |
630 |     fn calculate_coherence(&self, _universe: &MathematicalUniverse) -> f64 { 0.87 }
    |     ^^^^^^^^^^^^^^^^^^^^^^^^^^^^^^^^^^^^^^^^^^^^^^^^^^^^^^^^^^^^^^^^^^^^^^^^^^^^^^^ not a member of trait `Phase2`

error[E0407]: method `calculate_mathematical_beauty` is not a member of trait `Phase2`
   --> bootstrap/src/phase2.rs:631:5
    |
631 |     fn calculate_mathematical_beauty(&self, _universe: &MathematicalUniverse) -> f64 { 0.91 }
    |     ^^^^^^^^^^^^^^^^^^^^^^^^^^^^^^^^^^^^^^^^^^^^^^^^^^^^^^^^^^^^^^^^^^^^^^^^^^^^^^^^^^^^^^^^^ not a member of trait `Phase2`

error[E0407]: method `calculate_complexity` is not a member of trait `Phase2`
   --> bootstrap/src/phase2.rs:632:5
    |
632 |     fn calculate_complexity(&self, _universe: &MathematicalUniverse) -> f64 { 0.89 }
    |     ^^^^^^^^^^^^^^^^^^^^^^^^^^^^^^^^^^^^^^^^^^^^^^^^^^^^^^^^^^^^^^^^^^^^^^^^^^^^^^^^ not a member of trait `Phase2`

error[E0407]: method `calculate_harmony_balance` is not a member of trait `Phase2`
   --> bootstrap/src/phase2.rs:633:5
    |
633 |     fn calculate_harmony_balance(&self, _universe: &MathematicalUniverse) -> f64 { 0.88 }
    |     ^^^^^^^^^^^^^^^^^^^^^^^^^^^^^^^^^^^^^^^^^^^^^^^^^^^^^^^^^^^^^^^^^^^^^^^^^^^^^^^^^^^^^ not a member of trait `Phase2`

error[E0407]: method `calculate_pattern_complexity` is not a member of trait `Phase2`
   --> bootstrap/src/phase2.rs:634:5
    |
634 |     fn calculate_pattern_complexity(&self, _patterns: &[Vec<f64>]) -> f64 { 0.85 }
    |     ^^^^^^^^^^^^^^^^^^^^^^^^^^^^^^^^^^^^^^^^^^^^^^^^^^^^^^^^^^^^^^^^^^^^^^^^^^^^^^ not a member of trait `Phase2`

error[E0407]: method `calculate_pattern_regularity` is not a member of trait `Phase2`
   --> bootstrap/src/phase2.rs:635:5
    |
635 |     fn calculate_pattern_regularity(&self, _patterns: &[Vec<f64>]) -> f64 { 0.83 }
    |     ^^^^^^^^^^^^^^^^^^^^^^^^^^^^^^^^^^^^^^^^^^^^^^^^^^^^^^^^^^^^^^^^^^^^^^^^^^^^^^ not a member of trait `Phase2`

error[E0407]: method `calculate_pattern_beauty` is not a member of trait `Phase2`
   --> bootstrap/src/phase2.rs:636:5
    |
636 |     fn calculate_pattern_beauty(&self, _patterns: &[Vec<f64>]) -> f64 { 0.87 }
    |     ^^^^^^^^^^^^^^^^^^^^^^^^^^^^^^^^^^^^^^^^^^^^^^^^^^^^^^^^^^^^^^^^^^^^^^^^^^ not a member of trait `Phase2`

error[E0407]: method `calculate_mathematical_significance` is not a member of trait `Phase2`
   --> bootstrap/src/phase2.rs:637:5
    |
637 |     fn calculate_mathematical_significance(&self, _patterns: &[Vec<f64>]) -> f64 { 0.89 }
    |     ^^^^^^^^^^^^^^^^^^^^^^^^^^^^^^^^^^^^^^^^^^^^^^^^^^^^^^^^^^^^^^^^^^^^^^^^^^^^^^^^^^^^^ not a member of trait `Phase2`

error[E0407]: method `analyze_code_complexity` is not a member of trait `Phase2`
   --> bootstrap/src/phase2.rs:638:5
    |
638 |     fn analyze_code_complexity(&self, _code: &str) -> f64 { 0.75 }
    |     ^^^^^^^^^^^^^^^^^^^^^^^^^^^^^^^^^^^^^^^^^^^^^^^^^^^^^^^^^^^^^^ not a member of trait `Phase2`

error[E0407]: method `analyze_maintainability` is not a member of trait `Phase2`
   --> bootstrap/src/phase2.rs:639:5
    |
639 |     fn analyze_maintainability(&self, _code: &str) -> f64 { 0.80 }
    |     ^^^^^^^^^^^^^^^^^^^^^^^^^^^^^^^^^^^^^^^^^^^^^^^^^^^^^^^^^^^^^^ not a member of trait `Phase2`

error[E0407]: method `analyze_efficiency` is not a member of trait `Phase2`
   --> bootstrap/src/phase2.rs:640:5
    |
640 |     fn analyze_efficiency(&self, _code: &str) -> f64 { 0.82 }
    |     ^^^^^^^^^^^^^^^^^^^^^^^^^^^^^^^^^^^^^^^^^^^^^^^^^^^^^^^^^ not a member of trait `Phase2`

error[E0407]: method `analyze_code_beauty` is not a member of trait `Phase2`
   --> bootstrap/src/phase2.rs:641:5
    |
641 |     fn analyze_code_beauty(&self, _code: &str) -> f64 { 0.78 }
    |     ^^^^^^^^^^^^^^^^^^^^^^^^^^^^^^^^^^^^^^^^^^^^^^^^^^^^^^^^^^ not a member of trait `Phase2`

error[E0407]: method `calculate_coherence` is not a member of trait `EmbeddedNumber`
   --> bootstrap/src/number_embedding.rs:365:5
    |
365 | /     fn calculate_coherence(&self) -> f64 {
366 | |         let reflection = self.reflect_on_self();
367 | |         (reflection.godel_significance + reflection.bott_periodicity + 
368 | |          reflection.clifford_richness + reflection.bach_harmony + 
...   |
373 | |          reflection.phase2_consciousness) / 13.0
374 | |     }
    | |_____^ not a member of trait `EmbeddedNumber`

error[E0407]: method `calculate_harmonic_resonance` is not a member of trait `DimensionalityReducer`
   --> bootstrap/src/phase_mapping.rs:146:5
    |
146 | /     fn calculate_harmonic_resonance(&self, embedding: &[f64], phase: Phase) -> f64 {
147 | |         let phase_props = phase.properties();
148 | |         let embedding_sum = embedding.iter().sum::<f64>();
149 | |         let embedding_norm = embedding.iter().map(|x| x * x).sum::<f64>().sqrt();
...   |
164 | |         (resonance * prime_bonus * fibonacci_bonus).min(1.0)
165 | |     }
    | |_____^ not a member of trait `DimensionalityReducer`

warning: unused imports: `GodelExt` and `GodelNumber`
 --> bootstrap/src/emojistage.rs:1:27
  |
1 | use crate::godel::{Godel, GodelExt, GodelNumber};
  |                           ^^^^^^^^  ^^^^^^^^^^^
  |
  = note: `#[warn(unused_imports)]` on by default

warning: unused import: `std::f64::consts::PI`
 --> bootstrap/src/bach.rs:2:5
  |
2 | use std::f64::consts::PI;
  |     ^^^^^^^^^^^^^^^^^^^^

warning: unused import: `std::collections::HashMap`
 --> bootstrap/src/escher.rs:1:5
  |
1 | use std::collections::HashMap;
  |     ^^^^^^^^^^^^^^^^^^^^^^^^^

warning: unused imports: `ChordType` and `Scale`
 --> bootstrap/src/vectos.rs:4:31
  |
4 | use crate::bach::{Bach, Note, Scale, ChordType, Voice, Chord};
  |                               ^^^^^  ^^^^^^^^^

warning: unused import: `Vectos`
 --> bootstrap/src/phase2.rs:1:21
  |
1 | use crate::vectos::{Vectos, MathematicalUniverse, StageVibes, LatticeState};
  |                     ^^^^^^

warning: unused import: `crate::godel::Godel`
 --> bootstrap/src/phase2.rs:2:5
  |
2 | use crate::godel::Godel;
  |     ^^^^^^^^^^^^^^^^^^^

warning: unused import: `crate::bott::Bott`
 --> bootstrap/src/phase2.rs:3:5
  |
3 | use crate::bott::Bott;
  |     ^^^^^^^^^^^^^^^^^

warning: unused import: `crate::clifford::Clifford`
 --> bootstrap/src/phase2.rs:4:5
  |
4 | use crate::clifford::Clifford;
  |     ^^^^^^^^^^^^^^^^^^^^^^^^^

warning: unused import: `crate::bach::Bach`
 --> bootstrap/src/phase2.rs:5:5
  |
5 | use crate::bach::Bach;
  |     ^^^^^^^^^^^^^^^^^

warning: unused import: `crate::escher::Escher`
 --> bootstrap/src/phase2.rs:6:5
  |
6 | use crate::escher::Escher;
  |     ^^^^^^^^^^^^^^^^^^^^^

warning: unused import: `crate::ns::Ns`
 --> bootstrap/src/phase2.rs:7:5
  |
7 | use crate::ns::Ns;
  |     ^^^^^^^^^^^^^

warning: unused import: `crate::euler::Euler`
 --> bootstrap/src/phase2.rs:8:5
  |
8 | use crate::euler::Euler;
  |     ^^^^^^^^^^^^^^^^^^^

warning: unused import: `crate::gauss::Gauss`
 --> bootstrap/src/phase2.rs:9:5
  |
9 | use crate::gauss::Gauss;
  |     ^^^^^^^^^^^^^^^^^^^

warning: unused import: `crate::mach::Mach`
  --> bootstrap/src/phase2.rs:10:5
   |
10 | use crate::mach::Mach;
   |     ^^^^^^^^^^^^^^^^^

warning: unused import: `crate::penrose::Penrose`
  --> bootstrap/src/phase2.rs:11:5
   |
11 | use crate::penrose::Penrose;
   |     ^^^^^^^^^^^^^^^^^^^^^^^

warning: unused import: `crate::oeis::OEIS`
  --> bootstrap/src/phase2.rs:12:5
   |
12 | use crate::oeis::OEIS;
   |     ^^^^^^^^^^^^^^^^^

warning: unused imports: `ChordType`, `Chord`, and `Scale`
 --> bootstrap/src/number_embedding.rs:4:31
  |
4 | use crate::bach::{Bach, Note, Scale, ChordType, Voice, Chord};
  |                               ^^^^^  ^^^^^^^^^         ^^^^^

warning: unused imports: `PatternAnalysis`, `SelfModification`, and `SystemReflection`
  --> bootstrap/src/number_embedding.rs:13:29
   |
13 | use crate::phase2::{Phase2, SystemReflection, PatternAnalysis, SelfModification};
   |                             ^^^^^^^^^^^^^^^^  ^^^^^^^^^^^^^^^  ^^^^^^^^^^^^^^^^

warning: unused import: `crate::godel::Godel`
 --> bootstrap/src/function_number_linkage.rs:2:5
  |
2 | use crate::godel::Godel;
  |     ^^^^^^^^^^^^^^^^^^^

warning: unused import: `crate::bott::Bott`
 --> bootstrap/src/function_number_linkage.rs:3:5
  |
3 | use crate::bott::Bott;
  |     ^^^^^^^^^^^^^^^^^

warning: unused import: `crate::bach::Bach`
 --> bootstrap/src/function_number_linkage.rs:5:5
  |
5 | use crate::bach::Bach;
  |     ^^^^^^^^^^^^^^^^^

warning: unused import: `crate::escher::Escher`
 --> bootstrap/src/function_number_linkage.rs:6:5
  |
6 | use crate::escher::Escher;
  |     ^^^^^^^^^^^^^^^^^^^^^

warning: unused import: `crate::ns::Ns`
 --> bootstrap/src/function_number_linkage.rs:7:5
  |
7 | use crate::ns::Ns;
  |     ^^^^^^^^^^^^^

warning: unused import: `crate::euler::Euler`
 --> bootstrap/src/function_number_linkage.rs:8:5
  |
8 | use crate::euler::Euler;
  |     ^^^^^^^^^^^^^^^^^^^

warning: unused import: `crate::gauss::Gauss`
 --> bootstrap/src/function_number_linkage.rs:9:5
  |
9 | use crate::gauss::Gauss;
  |     ^^^^^^^^^^^^^^^^^^^

warning: unused import: `crate::mach::Mach`
  --> bootstrap/src/function_number_linkage.rs:10:5
   |
10 | use crate::mach::Mach;
   |     ^^^^^^^^^^^^^^^^^

warning: unused import: `crate::penrose::Penrose`
  --> bootstrap/src/function_number_linkage.rs:11:5
   |
11 | use crate::penrose::Penrose;
   |     ^^^^^^^^^^^^^^^^^^^^^^^

warning: unused import: `crate::oeis::OEIS`
  --> bootstrap/src/function_number_linkage.rs:12:5
   |
12 | use crate::oeis::OEIS;
   |     ^^^^^^^^^^^^^^^^^

warning: unused import: `crate::vectos::Vectos`
  --> bootstrap/src/function_number_linkage.rs:13:5
   |
13 | use crate::vectos::Vectos;
   |     ^^^^^^^^^^^^^^^^^^^^^

warning: unused import: `crate::phase2::Phase2`
  --> bootstrap/src/function_number_linkage.rs:14:5
   |
14 | use crate::phase2::Phase2;
   |     ^^^^^^^^^^^^^^^^^^^^^

warning: unused import: `crate::number_embedding::SelfAwareNumber`
  --> bootstrap/src/function_number_linkage.rs:15:5
   |
15 | use crate::number_embedding::SelfAwareNumber;
   |     ^^^^^^^^^^^^^^^^^^^^^^^^^^^^^^^^^^^^^^^^

error[E0191]: the value of the associated types `Base` and `Fiber` in `bott::Bott` must be specified
   --> bootstrap/src/vectos.rs:131:23
    |
131 |     pub bott: Box<dyn Bott>,
    |                       ^^^^ help: specify the associated types: `Bott<Base = Type, Fiber = Type>`
    |
   ::: bootstrap/src/bott.rs:10:5
    |
10  |     type Base;
    |     --------- `Base` defined here
...
13  |     type Fiber;
    |     ---------- `Fiber` defined here

error[E0191]: the value of the associated type `Scalar` in `clifford::Clifford` must be specified
   --> bootstrap/src/vectos.rs:132:27
    |
132 |     pub clifford: Box<dyn Clifford>,
    |                           ^^^^^^^^ help: specify the associated type: `Clifford<Scalar = Type>`
    |
   ::: bootstrap/src/clifford.rs:9:5
    |
9   |     type Scalar;
    |     ----------- `Scalar` defined here

error[E0191]: the value of the associated types `Base` and `Fiber` in `bott::Bott` must be specified
  --> bootstrap/src/number_embedding.rs:26:40
   |
26 |     fn embedded_bott(&self) -> Box<dyn Bott>;
   |                                        ^^^^ help: specify the associated types: `Bott<Base = Type, Fiber = Type>`
   |
  ::: bootstrap/src/bott.rs:10:5
   |
10 |     type Base;
   |     --------- `Base` defined here
...
13 |     type Fiber;
   |     ---------- `Fiber` defined here

error[E0191]: the value of the associated types `Base` and `Fiber` in `Bott` must be specified
   --> bootstrap/src/vectos.rs:131:23
    |
131 |     pub bott: Box<dyn Bott>,
    |                       ^^^^ help: specify the associated types: `Bott<Base = Type, Fiber = Type>`
    |
   ::: bootstrap/src/bott.rs:10:5
    |
10  |     type Base;
    |     --------- `Base` defined here
...
13  |     type Fiber;
    |     ---------- `Fiber` defined here

error[E0191]: the value of the associated type `Scalar` in `clifford::Clifford` must be specified
  --> bootstrap/src/number_embedding.rs:27:44
   |
27 |     fn embedded_clifford(&self) -> Box<dyn Clifford>;
   |                                            ^^^^^^^^ help: specify the associated type: `Clifford<Scalar = Type>`
   |
  ::: bootstrap/src/clifford.rs:9:5
   |
9  |     type Scalar;
   |     ----------- `Scalar` defined here

error[E0191]: the value of the associated type `Scalar` in `Clifford` must be specified
   --> bootstrap/src/vectos.rs:132:27
    |
132 |     pub clifford: Box<dyn Clifford>,
    |                           ^^^^^^^^ help: specify the associated type: `Clifford<Scalar = Type>`
    |
   ::: bootstrap/src/clifford.rs:9:5
    |
9   |     type Scalar;
    |     ----------- `Scalar` defined here

error[E0046]: not all trait items implemented, missing: `from_godel_number`, `all_known_godel_numbers`
   --> bootstrap/src/emojistage.rs:429:1
    |
429 | impl Godel for EmojiStage {
    | ^^^^^^^^^^^^^^^^^^^^^^^^^ missing `from_godel_number`, `all_known_godel_numbers` in implementation
    |
   ::: bootstrap/src/godel.rs:13:5
    |
13  |     fn from_godel_number(n: u64) -> Option<Self> where Self: Sized;
    |     --------------------------------------------------------------- `from_godel_number` from trait
...
48  |     fn all_known_godel_numbers() -> Vec<u64> where Self: Sized;
    |     ----------------------------------------------------------- `all_known_godel_numbers` from trait

error[E0046]: not all trait items implemented, missing: `log_canonical_threshold`
   --> bootstrap/src/bott.rs:297:1
    |
212 |     fn log_canonical_threshold(&self) -> f64;
    |     ----------------------------------------- `log_canonical_threshold` from trait
...
297 | impl<B, F> Bott for Bott8D<B, F> {
    | ^^^^^^^^^^^^^^^^^^^^^^^^^^^^^^^^ missing `log_canonical_threshold` in implementation

error[E0191]: the value of the associated types `Base` and `Fiber` in `Bott` must be specified
  --> bootstrap/src/number_embedding.rs:26:40
   |
26 |     fn embedded_bott(&self) -> Box<dyn Bott>;
   |                                        ^^^^ help: specify the associated types: `Bott<Base = Type, Fiber = Type>`
   |
  ::: bootstrap/src/bott.rs:10:5
   |
10 |     type Base;
   |     --------- `Base` defined here
...
13 |     type Fiber;
   |     ---------- `Fiber` defined here

error[E0191]: the value of the associated type `Scalar` in `Clifford` must be specified
  --> bootstrap/src/number_embedding.rs:27:44
   |
27 |     fn embedded_clifford(&self) -> Box<dyn Clifford>;
   |                                            ^^^^^^^^ help: specify the associated type: `Clifford<Scalar = Type>`
   |
  ::: bootstrap/src/clifford.rs:9:5
   |
9  |     type Scalar;
   |     ----------- `Scalar` defined here

error[E0277]: the size for values of type `Self` cannot be known at compilation time
  --> bootstrap/src/clifford.rs:22:29
   |
22 |     fn all_grades(&self) -> Vec<Self>;
   |                             ^^^^^^^^^ doesn't have a size known at compile-time
   |
note: required by an implicit `Sized` bound in `std::vec::Vec`
  --> /rustc/17067e9ac6d7ecb70e50f92c1944e545188d2359/library/alloc/src/vec/mod.rs:409:1
help: consider further restricting `Self`
   |
22 |     fn all_grades(&self) -> Vec<Self> where Self: std::marker::Sized;
   |                                       ++++++++++++++++++++++++++++++

error[E0277]: the size for values of type `Self` cannot be known at compilation time
  --> bootstrap/src/clifford.rs:64:26
   |
64 |     fn inverse(&self) -> Option<Self>;
   |                          ^^^^^^^^^^^^ doesn't have a size known at compile-time
   |
note: required by an implicit `Sized` bound in `std::option::Option`
  --> /rustc/17067e9ac6d7ecb70e50f92c1944e545188d2359/library/core/src/option.rs:572:1
help: consider further restricting `Self`
   |
64 |     fn inverse(&self) -> Option<Self> where Self: std::marker::Sized;
   |                                       ++++++++++++++++++++++++++++++

error[E0277]: the size for values of type `Self` cannot be known at compilation time
  --> bootstrap/src/clifford.rs:70:21
   |
70 |     fn ln(&self) -> Option<Self>;
   |                     ^^^^^^^^^^^^ doesn't have a size known at compile-time
   |
note: required by an implicit `Sized` bound in `std::option::Option`
  --> /rustc/17067e9ac6d7ecb70e50f92c1944e545188d2359/library/core/src/option.rs:572:1
help: consider further restricting `Self`
   |
70 |     fn ln(&self) -> Option<Self> where Self: std::marker::Sized;
   |                                  ++++++++++++++++++++++++++++++

error[E0277]: the size for values of type `Self` cannot be known at compilation time
  --> bootstrap/src/clifford.rs:88:23
   |
88 |     fn sqrt(&self) -> Option<Self>;
   |                       ^^^^^^^^^^^^ doesn't have a size known at compile-time
   |
note: required by an implicit `Sized` bound in `std::option::Option`
  --> /rustc/17067e9ac6d7ecb70e50f92c1944e545188d2359/library/core/src/option.rs:572:1
help: consider further restricting `Self`
   |
88 |     fn sqrt(&self) -> Option<Self> where Self: std::marker::Sized;
   |                                    ++++++++++++++++++++++++++++++

error[E0277]: the size for values of type `Self` cannot be known at compilation time
   --> bootstrap/src/clifford.rs:169:45
    |
169 |     fn blade_factorization(&self) -> Option<Vec<Self>>;
    |                                             ^^^^^^^^^ doesn't have a size known at compile-time
    |
note: required by an implicit `Sized` bound in `std::vec::Vec`
   --> /rustc/17067e9ac6d7ecb70e50f92c1944e545188d2359/library/alloc/src/vec/mod.rs:409:1
help: consider further restricting `Self`
    |
169 |     fn blade_factorization(&self) -> Option<Vec<Self>> where Self: std::marker::Sized;
    |                                                        ++++++++++++++++++++++++++++++

error[E0277]: the size for values of type `Self` cannot be known at compilation time
   --> bootstrap/src/clifford.rs:172:46
    |
172 |     fn versor_factorization(&self) -> Option<Vec<Self>>;
    |                                              ^^^^^^^^^ doesn't have a size known at compile-time
    |
note: required by an implicit `Sized` bound in `std::vec::Vec`
   --> /rustc/17067e9ac6d7ecb70e50f92c1944e545188d2359/library/alloc/src/vec/mod.rs:409:1
help: consider further restricting `Self`
    |
172 |     fn versor_factorization(&self) -> Option<Vec<Self>> where Self: std::marker::Sized;
    |                                                         ++++++++++++++++++++++++++++++

error[E0277]: the size for values of type `Self` cannot be known at compilation time
   --> bootstrap/src/clifford.rs:175:45
    |
175 |     fn rotor_factorization(&self) -> Option<Vec<Self>>;
    |                                             ^^^^^^^^^ doesn't have a size known at compile-time
    |
note: required by an implicit `Sized` bound in `std::vec::Vec`
   --> /rustc/17067e9ac6d7ecb70e50f92c1944e545188d2359/library/alloc/src/vec/mod.rs:409:1
help: consider further restricting `Self`
    |
175 |     fn rotor_factorization(&self) -> Option<Vec<Self>> where Self: std::marker::Sized;
    |                                                        ++++++++++++++++++++++++++++++

error[E0277]: the size for values of type `Self` cannot be known at compilation time
   --> bootstrap/src/clifford.rs:178:46
    |
178 |     fn spinor_factorization(&self) -> Option<Vec<Self>>;
    |                                              ^^^^^^^^^ doesn't have a size known at compile-time
    |
note: required by an implicit `Sized` bound in `std::vec::Vec`
   --> /rustc/17067e9ac6d7ecb70e50f92c1944e545188d2359/library/alloc/src/vec/mod.rs:409:1
help: consider further restricting `Self`
    |
178 |     fn spinor_factorization(&self) -> Option<Vec<Self>> where Self: std::marker::Sized;
    |                                                         ++++++++++++++++++++++++++++++

error[E0277]: the size for values of type `Self` cannot be known at compilation time
   --> bootstrap/src/clifford.rs:214:31
    |
214 |     fn eigenvectors(&self) -> Vec<Self>;
    |                               ^^^^^^^^^ doesn't have a size known at compile-time
    |
note: required by an implicit `Sized` bound in `std::vec::Vec`
   --> /rustc/17067e9ac6d7ecb70e50f92c1944e545188d2359/library/alloc/src/vec/mod.rs:409:1
help: consider further restricting `Self`
    |
214 |     fn eigenvectors(&self) -> Vec<Self> where Self: std::marker::Sized;
    |                                         ++++++++++++++++++++++++++++++

error[E0277]: the size for values of type `Self` cannot be known at compilation time
   --> bootstrap/src/clifford.rs:217:30
    |
217 |     fn eigenspaces(&self) -> Vec<Self>;
    |                              ^^^^^^^^^ doesn't have a size known at compile-time
    |
note: required by an implicit `Sized` bound in `std::vec::Vec`
   --> /rustc/17067e9ac6d7ecb70e50f92c1944e545188d2359/library/alloc/src/vec/mod.rs:409:1
help: consider further restricting `Self`
    |
217 |     fn eigenspaces(&self) -> Vec<Self> where Self: std::marker::Sized;
    |                                        ++++++++++++++++++++++++++++++

error[E0277]: the size for values of type `Self` cannot be known at compilation time
   --> bootstrap/src/clifford.rs:238:42
    |
238 |     fn lu_decomposition(&self) -> Option<(Self, Self)>;
    |                                          ^^^^^^^^^^^^ doesn't have a size known at compile-time
    |
    = note: only the last element of a tuple may have a dynamically sized type
help: consider further restricting `Self`
    |
238 |     fn lu_decomposition(&self) -> Option<(Self, Self)> where Self: std::marker::Sized;
    |                                                        ++++++++++++++++++++++++++++++

error[E0277]: the size for values of type `Self` cannot be known at compilation time
   --> bootstrap/src/clifford.rs:241:42
    |
241 |     fn qr_decomposition(&self) -> Option<(Self, Self)>;
    |                                          ^^^^^^^^^^^^ doesn't have a size known at compile-time
    |
    = note: only the last element of a tuple may have a dynamically sized type
help: consider further restricting `Self`
    |
241 |     fn qr_decomposition(&self) -> Option<(Self, Self)> where Self: std::marker::Sized;
    |                                                        ++++++++++++++++++++++++++++++

error[E0277]: the size for values of type `Self` cannot be known at compilation time
   --> bootstrap/src/clifford.rs:244:41
    |
244 |     fn cholesky_decomposition(&self) -> Option<Self>;
    |                                         ^^^^^^^^^^^^ doesn't have a size known at compile-time
    |
note: required by an implicit `Sized` bound in `std::option::Option`
   --> /rustc/17067e9ac6d7ecb70e50f92c1944e545188d2359/library/core/src/option.rs:572:1
help: consider further restricting `Self`
    |
244 |     fn cholesky_decomposition(&self) -> Option<Self> where Self: std::marker::Sized;
    |                                                      ++++++++++++++++++++++++++++++

error[E0277]: the size for values of type `Self` cannot be known at compilation time
   --> bootstrap/src/clifford.rs:247:43
    |
247 |     fn svd_decomposition(&self) -> Option<(Self, Self, Self)>;
    |                                           ^^^^^^^^^^^^^^^^^^ doesn't have a size known at compile-time
    |
    = note: only the last element of a tuple may have a dynamically sized type
help: consider further restricting `Self`
    |
247 |     fn svd_decomposition(&self) -> Option<(Self, Self, Self)> where Self: std::marker::Sized;
    |                                                               ++++++++++++++++++++++++++++++

error[E0277]: the size for values of type `Self` cannot be known at compilation time
   --> bootstrap/src/clifford.rs:250:44
    |
250 |     fn eigendecomposition(&self) -> Option<(Self, Self)>;
    |                                            ^^^^^^^^^^^^ doesn't have a size known at compile-time
    |
    = note: only the last element of a tuple may have a dynamically sized type
help: consider further restricting `Self`
    |
250 |     fn eigendecomposition(&self) -> Option<(Self, Self)> where Self: std::marker::Sized;
    |                                                          ++++++++++++++++++++++++++++++

error[E0277]: the size for values of type `Self` cannot be known at compilation time
   --> bootstrap/src/clifford.rs:253:45
    |
253 |     fn schur_decomposition(&self) -> Option<(Self, Self)>;
    |                                             ^^^^^^^^^^^^ doesn't have a size known at compile-time
    |
    = note: only the last element of a tuple may have a dynamically sized type
help: consider further restricting `Self`
    |
253 |     fn schur_decomposition(&self) -> Option<(Self, Self)> where Self: std::marker::Sized;
    |                                                           ++++++++++++++++++++++++++++++

error[E0277]: the size for values of type `Self` cannot be known at compilation time
   --> bootstrap/src/clifford.rs:256:45
    |
256 |     fn polar_decomposition(&self) -> Option<(Self, Self)>;
    |                                             ^^^^^^^^^^^^ doesn't have a size known at compile-time
    |
    = note: only the last element of a tuple may have a dynamically sized type
help: consider further restricting `Self`
    |
256 |     fn polar_decomposition(&self) -> Option<(Self, Self)> where Self: std::marker::Sized;
    |                                                           ++++++++++++++++++++++++++++++

error[E0277]: the size for values of type `Self` cannot be known at compilation time
   --> bootstrap/src/clifford.rs:259:54
    |
259 |     fn singular_value_decomposition(&self) -> Option<(Self, Self, Self)>;
    |                                                      ^^^^^^^^^^^^^^^^^^ doesn't have a size known at compile-time
    |
    = note: only the last element of a tuple may have a dynamically sized type
help: consider further restricting `Self`
    |
259 |     fn singular_value_decomposition(&self) -> Option<(Self, Self, Self)> where Self: std::marker::Sized;
    |                                                                          ++++++++++++++++++++++++++++++

error[E0277]: the size for values of type `Self` cannot be known at compilation time
   --> bootstrap/src/clifford.rs:277:31
    |
277 |     fn left_inverse(&self) -> Option<Self>;
    |                               ^^^^^^^^^^^^ doesn't have a size known at compile-time
    |
note: required by an implicit `Sized` bound in `std::option::Option`
   --> /rustc/17067e9ac6d7ecb70e50f92c1944e545188d2359/library/core/src/option.rs:572:1
help: consider further restricting `Self`
    |
277 |     fn left_inverse(&self) -> Option<Self> where Self: std::marker::Sized;
    |                                            ++++++++++++++++++++++++++++++

error[E0277]: the size for values of type `Self` cannot be known at compilation time
   --> bootstrap/src/clifford.rs:280:32
    |
280 |     fn right_inverse(&self) -> Option<Self>;
    |                                ^^^^^^^^^^^^ doesn't have a size known at compile-time
    |
note: required by an implicit `Sized` bound in `std::option::Option`
   --> /rustc/17067e9ac6d7ecb70e50f92c1944e545188d2359/library/core/src/option.rs:572:1
help: consider further restricting `Self`
    |
280 |     fn right_inverse(&self) -> Option<Self> where Self: std::marker::Sized;
    |                                             ++++++++++++++++++++++++++++++

error[E0038]: the trait `godel::Godel` is not dyn compatible
   --> bootstrap/src/vectos.rs:130:20
    |
130 |     pub godel: Box<dyn Godel>,
    |                    ^^^^^^^^^ `godel::Godel` is not dyn compatible
    |
note: for a trait to be dyn compatible it needs to allow building a vtable
      for more information, visit <https://doc.rust-lang.org/reference/items/traits.html#dyn-compatibility>
   --> bootstrap/src/godel.rs:57:8
    |
6   | pub trait Godel {
    |           ----- this trait is not dyn compatible...
...
57  |     fn prime_factors(n: u64) -> Vec<(u64, u32)> {
    |        ^^^^^^^^^^^^^ ...because associated function `prime_factors` has no `self` parameter
    = help: only type `emojistage::EmojiStage` implements `godel::Godel` within this crate; consider using it directly instead.
    = note: `godel::Godel` may be implemented in other crates; if you want to support your users passing their own types here, you can't refer to a specific type
help: consider turning `prime_factors` into a method by giving it a `&self` argument
   --> bootstrap/src/godel.rs:57:22
    |
57  |     fn prime_factors(&self, n: u64) -> Vec<(u64, u32)> {
    |                      ++++++
help: alternatively, consider constraining `prime_factors` so it does not apply to trait objects
   --> bootstrap/src/godel.rs:57:48
    |
57  |     fn prime_factors(n: u64) -> Vec<(u64, u32)> where Self: Sized {
    |                                                 +++++++++++++++++

error[E0191]: the value of the associated types `Base` and `Fiber` in `bott::Bott` must be specified
   --> bootstrap/src/number_embedding.rs:163:40
    |
163 |     fn embedded_bott(&self) -> Box<dyn Bott> {
    |                                        ^^^^ help: specify the associated types: `Bott<Base = Type, Fiber = Type>`
    |
   ::: bootstrap/src/bott.rs:10:5
    |
10  |     type Base;
    |     --------- `Base` defined here
...
13  |     type Fiber;
    |     ---------- `Fiber` defined here

error[E0191]: the value of the associated type `Scalar` in `clifford::Clifford` must be specified
   --> bootstrap/src/number_embedding.rs:167:44
    |
167 |     fn embedded_clifford(&self) -> Box<dyn Clifford> {
    |                                            ^^^^^^^^ help: specify the associated type: `Clifford<Scalar = Type>`
    |
   ::: bootstrap/src/clifford.rs:9:5
    |
9   |     type Scalar;
    |     ----------- `Scalar` defined here

error[E0038]: the trait `godel::Godel` is not dyn compatible
   --> bootstrap/src/number_embedding.rs:159:37
    |
159 |     fn embedded_godel(&self) -> Box<dyn Godel> {
    |                                     ^^^^^^^^^ `godel::Godel` is not dyn compatible
    |
note: for a trait to be dyn compatible it needs to allow building a vtable
      for more information, visit <https://doc.rust-lang.org/reference/items/traits.html#dyn-compatibility>
   --> bootstrap/src/godel.rs:57:8
    |
6   | pub trait Godel {
    |           ----- this trait is not dyn compatible...
...
57  |     fn prime_factors(n: u64) -> Vec<(u64, u32)> {
    |        ^^^^^^^^^^^^^ ...because associated function `prime_factors` has no `self` parameter
    = help: only type `emojistage::EmojiStage` implements `godel::Godel` within this crate; consider using it directly instead.
    = note: `godel::Godel` may be implemented in other crates; if you want to support your users passing their own types here, you can't refer to a specific type
help: consider turning `prime_factors` into a method by giving it a `&self` argument
   --> bootstrap/src/godel.rs:57:22
    |
57  |     fn prime_factors(&self, n: u64) -> Vec<(u64, u32)> {
    |                      ++++++
help: alternatively, consider constraining `prime_factors` so it does not apply to trait objects
   --> bootstrap/src/godel.rs:57:48
    |
57  |     fn prime_factors(n: u64) -> Vec<(u64, u32)> where Self: Sized {
    |                                                 +++++++++++++++++

error[E0277]: the size for values of type `Self` cannot be known at compilation time
  --> bootstrap/src/clifford.rs:22:29
   |
22 |     fn all_grades(&self) -> Vec<Self>;
   |                             ^^^^^^^^^ doesn't have a size known at compile-time
   |
note: required by an implicit `Sized` bound in `Vec`
  --> /rustc/17067e9ac6d7ecb70e50f92c1944e545188d2359/library/alloc/src/vec/mod.rs:409:1
help: consider further restricting `Self`
   |
22 |     fn all_grades(&self) -> Vec<Self> where Self: Sized;
   |                                       +++++++++++++++++

error[E0277]: the size for values of type `Self` cannot be known at compilation time
  --> bootstrap/src/clifford.rs:64:26
   |
64 |     fn inverse(&self) -> Option<Self>;
   |                          ^^^^^^^^^^^^ doesn't have a size known at compile-time
   |
note: required by an implicit `Sized` bound in `Option`
  --> /rustc/17067e9ac6d7ecb70e50f92c1944e545188d2359/library/core/src/option.rs:572:1
help: consider further restricting `Self`
   |
64 |     fn inverse(&self) -> Option<Self> where Self: Sized;
   |                                       +++++++++++++++++

error[E0038]: the trait `godel::Godel` is not dyn compatible
  --> bootstrap/src/number_embedding.rs:25:37
   |
25 |     fn embedded_godel(&self) -> Box<dyn Godel>;
   |                                     ^^^^^^^^^ `godel::Godel` is not dyn compatible
   |
note: for a trait to be dyn compatible it needs to allow building a vtable
      for more information, visit <https://doc.rust-lang.org/reference/items/traits.html#dyn-compatibility>
  --> bootstrap/src/godel.rs:57:8
   |
6  | pub trait Godel {
   |           ----- this trait is not dyn compatible...
...
57 |     fn prime_factors(n: u64) -> Vec<(u64, u32)> {
   |        ^^^^^^^^^^^^^ ...because associated function `prime_factors` has no `self` parameter
   = help: only type `emojistage::EmojiStage` implements `godel::Godel` within this crate; consider using it directly instead.
   = note: `godel::Godel` may be implemented in other crates; if you want to support your users passing their own types here, you can't refer to a specific type
help: consider turning `prime_factors` into a method by giving it a `&self` argument
  --> bootstrap/src/godel.rs:57:22
   |
57 |     fn prime_factors(&self, n: u64) -> Vec<(u64, u32)> {
   |                      ++++++
help: alternatively, consider constraining `prime_factors` so it does not apply to trait objects
  --> bootstrap/src/godel.rs:57:48
   |
57 |     fn prime_factors(n: u64) -> Vec<(u64, u32)> where Self: Sized {
   |                                                 +++++++++++++++++

error[E0277]: the size for values of type `Self` cannot be known at compilation time
  --> bootstrap/src/clifford.rs:70:21
   |
70 |     fn ln(&self) -> Option<Self>;
   |                     ^^^^^^^^^^^^ doesn't have a size known at compile-time
   |
note: required by an implicit `Sized` bound in `Option`
  --> /rustc/17067e9ac6d7ecb70e50f92c1944e545188d2359/library/core/src/option.rs:572:1
help: consider further restricting `Self`
   |
70 |     fn ln(&self) -> Option<Self> where Self: Sized;
   |                                  +++++++++++++++++

error[E0277]: the size for values of type `Self` cannot be known at compilation time
  --> bootstrap/src/clifford.rs:88:23
   |
88 |     fn sqrt(&self) -> Option<Self>;
   |                       ^^^^^^^^^^^^ doesn't have a size known at compile-time
   |
note: required by an implicit `Sized` bound in `Option`
  --> /rustc/17067e9ac6d7ecb70e50f92c1944e545188d2359/library/core/src/option.rs:572:1
help: consider further restricting `Self`
   |
88 |     fn sqrt(&self) -> Option<Self> where Self: Sized;
   |                                    +++++++++++++++++

error[E0277]: the size for values of type `Self` cannot be known at compilation time
   --> bootstrap/src/clifford.rs:169:45
    |
169 |     fn blade_factorization(&self) -> Option<Vec<Self>>;
    |                                             ^^^^^^^^^ doesn't have a size known at compile-time
    |
note: required by an implicit `Sized` bound in `Vec`
   --> /rustc/17067e9ac6d7ecb70e50f92c1944e545188d2359/library/alloc/src/vec/mod.rs:409:1
help: consider further restricting `Self`
    |
169 |     fn blade_factorization(&self) -> Option<Vec<Self>> where Self: Sized;
    |                                                        +++++++++++++++++

error[E0277]: the size for values of type `Self` cannot be known at compilation time
   --> bootstrap/src/clifford.rs:172:46
    |
172 |     fn versor_factorization(&self) -> Option<Vec<Self>>;
    |                                              ^^^^^^^^^ doesn't have a size known at compile-time
    |
note: required by an implicit `Sized` bound in `Vec`
   --> /rustc/17067e9ac6d7ecb70e50f92c1944e545188d2359/library/alloc/src/vec/mod.rs:409:1
help: consider further restricting `Self`
    |
172 |     fn versor_factorization(&self) -> Option<Vec<Self>> where Self: Sized;
    |                                                         +++++++++++++++++

error[E0277]: the size for values of type `Self` cannot be known at compilation time
   --> bootstrap/src/clifford.rs:175:45
    |
175 |     fn rotor_factorization(&self) -> Option<Vec<Self>>;
    |                                             ^^^^^^^^^ doesn't have a size known at compile-time
    |
note: required by an implicit `Sized` bound in `Vec`
   --> /rustc/17067e9ac6d7ecb70e50f92c1944e545188d2359/library/alloc/src/vec/mod.rs:409:1
help: consider further restricting `Self`
    |
175 |     fn rotor_factorization(&self) -> Option<Vec<Self>> where Self: Sized;
    |                                                        +++++++++++++++++

error[E0277]: the size for values of type `Self` cannot be known at compilation time
   --> bootstrap/src/clifford.rs:178:46
    |
178 |     fn spinor_factorization(&self) -> Option<Vec<Self>>;
    |                                              ^^^^^^^^^ doesn't have a size known at compile-time
    |
note: required by an implicit `Sized` bound in `Vec`
   --> /rustc/17067e9ac6d7ecb70e50f92c1944e545188d2359/library/alloc/src/vec/mod.rs:409:1
help: consider further restricting `Self`
    |
178 |     fn spinor_factorization(&self) -> Option<Vec<Self>> where Self: Sized;
    |                                                         +++++++++++++++++

error[E0277]: the size for values of type `Self` cannot be known at compilation time
   --> bootstrap/src/clifford.rs:214:31
    |
214 |     fn eigenvectors(&self) -> Vec<Self>;
    |                               ^^^^^^^^^ doesn't have a size known at compile-time
    |
note: required by an implicit `Sized` bound in `Vec`
   --> /rustc/17067e9ac6d7ecb70e50f92c1944e545188d2359/library/alloc/src/vec/mod.rs:409:1
help: consider further restricting `Self`
    |
214 |     fn eigenvectors(&self) -> Vec<Self> where Self: Sized;
    |                                         +++++++++++++++++

error[E0277]: the size for values of type `Self` cannot be known at compilation time
   --> bootstrap/src/clifford.rs:217:30
    |
217 |     fn eigenspaces(&self) -> Vec<Self>;
    |                              ^^^^^^^^^ doesn't have a size known at compile-time
    |
note: required by an implicit `Sized` bound in `Vec`
   --> /rustc/17067e9ac6d7ecb70e50f92c1944e545188d2359/library/alloc/src/vec/mod.rs:409:1
help: consider further restricting `Self`
    |
217 |     fn eigenspaces(&self) -> Vec<Self> where Self: Sized;
    |                                        +++++++++++++++++

error[E0277]: the size for values of type `Self` cannot be known at compilation time
   --> bootstrap/src/clifford.rs:238:42
    |
238 |     fn lu_decomposition(&self) -> Option<(Self, Self)>;
    |                                          ^^^^^^^^^^^^ doesn't have a size known at compile-time
    |
    = note: only the last element of a tuple may have a dynamically sized type
help: consider further restricting `Self`
    |
238 |     fn lu_decomposition(&self) -> Option<(Self, Self)> where Self: Sized;
    |                                                        +++++++++++++++++

error[E0277]: the size for values of type `Self` cannot be known at compilation time
   --> bootstrap/src/clifford.rs:241:42
    |
241 |     fn qr_decomposition(&self) -> Option<(Self, Self)>;
    |                                          ^^^^^^^^^^^^ doesn't have a size known at compile-time
    |
    = note: only the last element of a tuple may have a dynamically sized type
help: consider further restricting `Self`
    |
241 |     fn qr_decomposition(&self) -> Option<(Self, Self)> where Self: Sized;
    |                                                        +++++++++++++++++

error[E0277]: the size for values of type `Self` cannot be known at compilation time
   --> bootstrap/src/clifford.rs:244:41
    |
244 |     fn cholesky_decomposition(&self) -> Option<Self>;
    |                                         ^^^^^^^^^^^^ doesn't have a size known at compile-time
    |
note: required by an implicit `Sized` bound in `Option`
   --> /rustc/17067e9ac6d7ecb70e50f92c1944e545188d2359/library/core/src/option.rs:572:1
help: consider further restricting `Self`
    |
244 |     fn cholesky_decomposition(&self) -> Option<Self> where Self: Sized;
    |                                                      +++++++++++++++++

error[E0277]: the size for values of type `Self` cannot be known at compilation time
   --> bootstrap/src/clifford.rs:247:43
    |
247 |     fn svd_decomposition(&self) -> Option<(Self, Self, Self)>;
    |                                           ^^^^^^^^^^^^^^^^^^ doesn't have a size known at compile-time
    |
    = note: only the last element of a tuple may have a dynamically sized type
help: consider further restricting `Self`
    |
247 |     fn svd_decomposition(&self) -> Option<(Self, Self, Self)> where Self: Sized;
    |                                                               +++++++++++++++++

error[E0277]: the size for values of type `Self` cannot be known at compilation time
   --> bootstrap/src/clifford.rs:250:44
    |
250 |     fn eigendecomposition(&self) -> Option<(Self, Self)>;
    |                                            ^^^^^^^^^^^^ doesn't have a size known at compile-time
    |
    = note: only the last element of a tuple may have a dynamically sized type
help: consider further restricting `Self`
    |
250 |     fn eigendecomposition(&self) -> Option<(Self, Self)> where Self: Sized;
    |                                                          +++++++++++++++++

error[E0277]: the size for values of type `Self` cannot be known at compilation time
   --> bootstrap/src/clifford.rs:253:45
    |
253 |     fn schur_decomposition(&self) -> Option<(Self, Self)>;
    |                                             ^^^^^^^^^^^^ doesn't have a size known at compile-time
    |
    = note: only the last element of a tuple may have a dynamically sized type
help: consider further restricting `Self`
    |
253 |     fn schur_decomposition(&self) -> Option<(Self, Self)> where Self: Sized;
    |                                                           +++++++++++++++++

error[E0277]: the size for values of type `Self` cannot be known at compilation time
   --> bootstrap/src/clifford.rs:256:45
    |
256 |     fn polar_decomposition(&self) -> Option<(Self, Self)>;
    |                                             ^^^^^^^^^^^^ doesn't have a size known at compile-time
    |
    = note: only the last element of a tuple may have a dynamically sized type
help: consider further restricting `Self`
    |
256 |     fn polar_decomposition(&self) -> Option<(Self, Self)> where Self: Sized;
    |                                                           +++++++++++++++++

error[E0277]: the size for values of type `Self` cannot be known at compilation time
   --> bootstrap/src/clifford.rs:259:54
    |
259 |     fn singular_value_decomposition(&self) -> Option<(Self, Self, Self)>;
    |                                                      ^^^^^^^^^^^^^^^^^^ doesn't have a size known at compile-time
    |
    = note: only the last element of a tuple may have a dynamically sized type
help: consider further restricting `Self`
    |
259 |     fn singular_value_decomposition(&self) -> Option<(Self, Self, Self)> where Self: Sized;
    |                                                                          +++++++++++++++++

error[E0277]: the size for values of type `Self` cannot be known at compilation time
   --> bootstrap/src/clifford.rs:277:31
    |
277 |     fn left_inverse(&self) -> Option<Self>;
    |                               ^^^^^^^^^^^^ doesn't have a size known at compile-time
    |
note: required by an implicit `Sized` bound in `Option`
   --> /rustc/17067e9ac6d7ecb70e50f92c1944e545188d2359/library/core/src/option.rs:572:1
help: consider further restricting `Self`
    |
277 |     fn left_inverse(&self) -> Option<Self> where Self: Sized;
    |                                            +++++++++++++++++

error[E0277]: the size for values of type `Self` cannot be known at compilation time
   --> bootstrap/src/clifford.rs:280:32
    |
280 |     fn right_inverse(&self) -> Option<Self>;
    |                                ^^^^^^^^^^^^ doesn't have a size known at compile-time
    |
note: required by an implicit `Sized` bound in `Option`
   --> /rustc/17067e9ac6d7ecb70e50f92c1944e545188d2359/library/core/src/option.rs:572:1
help: consider further restricting `Self`
    |
280 |     fn right_inverse(&self) -> Option<Self> where Self: Sized;
    |                                             +++++++++++++++++

Some errors have detailed explanations: E0038, E0046, E0191, E0201, E0277, E0407, E0428.
For more information about an error, try `rustc --explain E0038`.
error: could not document `bootstrap`
warning: build failed, waiting for other jobs to finish...
error[E0038]: the trait `Godel` is not dyn compatible
   --> bootstrap/src/vectos.rs:130:20
    |
130 |     pub godel: Box<dyn Godel>,
    |                    ^^^^^^^^^ `Godel` is not dyn compatible
    |
note: for a trait to be dyn compatible it needs to allow building a vtable
      for more information, visit <https://doc.rust-lang.org/reference/items/traits.html#dyn-compatibility>
   --> bootstrap/src/godel.rs:57:8
    |
6   | pub trait Godel {
    |           ----- this trait is not dyn compatible...
...
57  |     fn prime_factors(n: u64) -> Vec<(u64, u32)> {
    |        ^^^^^^^^^^^^^ ...because associated function `prime_factors` has no `self` parameter
    = help: only type `emojistage::EmojiStage` implements `Godel` within this crate; consider using it directly instead.
    = note: `Godel` may be implemented in other crates; if you want to support your users passing their own types here, you can't refer to a specific type
help: consider turning `prime_factors` into a method by giving it a `&self` argument
   --> bootstrap/src/godel.rs:57:22
    |
57  |     fn prime_factors(&self, n: u64) -> Vec<(u64, u32)> {
    |                      ++++++
help: alternatively, consider constraining `prime_factors` so it does not apply to trait objects
   --> bootstrap/src/godel.rs:57:48
    |
57  |     fn prime_factors(n: u64) -> Vec<(u64, u32)> where Self: Sized {
    |                                                 +++++++++++++++++

error[E0191]: the value of the associated types `Base` and `Fiber` in `Bott` must be specified
   --> bootstrap/src/number_embedding.rs:163:40
    |
163 |     fn embedded_bott(&self) -> Box<dyn Bott> {
    |                                        ^^^^ help: specify the associated types: `Bott<Base = Type, Fiber = Type>`
    |
   ::: bootstrap/src/bott.rs:10:5
    |
10  |     type Base;
    |     --------- `Base` defined here
...
13  |     type Fiber;
    |     ---------- `Fiber` defined here

error[E0191]: the value of the associated type `Scalar` in `Clifford` must be specified
   --> bootstrap/src/number_embedding.rs:167:44
    |
167 |     fn embedded_clifford(&self) -> Box<dyn Clifford> {
    |                                            ^^^^^^^^ help: specify the associated type: `Clifford<Scalar = Type>`
    |
   ::: bootstrap/src/clifford.rs:9:5
    |
9   |     type Scalar;
    |     ----------- `Scalar` defined here

error[E0038]: the trait `Godel` is not dyn compatible
   --> bootstrap/src/number_embedding.rs:159:37
    |
159 |     fn embedded_godel(&self) -> Box<dyn Godel> {
    |                                     ^^^^^^^^^ `Godel` is not dyn compatible
    |
note: for a trait to be dyn compatible it needs to allow building a vtable
      for more information, visit <https://doc.rust-lang.org/reference/items/traits.html#dyn-compatibility>
   --> bootstrap/src/godel.rs:57:8
    |
6   | pub trait Godel {
    |           ----- this trait is not dyn compatible...
...
57  |     fn prime_factors(n: u64) -> Vec<(u64, u32)> {
    |        ^^^^^^^^^^^^^ ...because associated function `prime_factors` has no `self` parameter
    = help: only type `emojistage::EmojiStage` implements `Godel` within this crate; consider using it directly instead.
    = note: `Godel` may be implemented in other crates; if you want to support your users passing their own types here, you can't refer to a specific type
help: consider turning `prime_factors` into a method by giving it a `&self` argument
   --> bootstrap/src/godel.rs:57:22
    |
57  |     fn prime_factors(&self, n: u64) -> Vec<(u64, u32)> {
    |                      ++++++
help: alternatively, consider constraining `prime_factors` so it does not apply to trait objects
   --> bootstrap/src/godel.rs:57:48
    |
57  |     fn prime_factors(n: u64) -> Vec<(u64, u32)> where Self: Sized {
    |                                                 +++++++++++++++++

error[E0038]: the trait `Godel` is not dyn compatible
  --> bootstrap/src/number_embedding.rs:25:37
   |
25 |     fn embedded_godel(&self) -> Box<dyn Godel>;
   |                                     ^^^^^^^^^ `Godel` is not dyn compatible
   |
note: for a trait to be dyn compatible it needs to allow building a vtable
      for more information, visit <https://doc.rust-lang.org/reference/items/traits.html#dyn-compatibility>
  --> bootstrap/src/godel.rs:57:8
   |
6  | pub trait Godel {
   |           ----- this trait is not dyn compatible...
...
57 |     fn prime_factors(n: u64) -> Vec<(u64, u32)> {
   |        ^^^^^^^^^^^^^ ...because associated function `prime_factors` has no `self` parameter
   = help: only type `emojistage::EmojiStage` implements `Godel` within this crate; consider using it directly instead.
   = note: `Godel` may be implemented in other crates; if you want to support your users passing their own types here, you can't refer to a specific type
help: consider turning `prime_factors` into a method by giving it a `&self` argument
  --> bootstrap/src/godel.rs:57:22
   |
57 |     fn prime_factors(&self, n: u64) -> Vec<(u64, u32)> {
   |                      ++++++
help: alternatively, consider constraining `prime_factors` so it does not apply to trait objects
  --> bootstrap/src/godel.rs:57:48
   |
57 |     fn prime_factors(n: u64) -> Vec<(u64, u32)> where Self: Sized {
   |                                                 +++++++++++++++++

error[E0369]: binary operation `==` cannot be applied to type `Vec<Self>`
   --> bootstrap/src/godel.rs:105:34
    |
105 |         Self::decompose_godel(a) == Self::decompose_godel(b)
    |         ------------------------ ^^ ------------------------ Vec<Self>
    |         |
    |         Vec<Self>
    |
help: consider further restricting `Self`
    |
104 |     fn godel_equivalent(a: u64, b: u64) -> bool where Self: Sized, Self: PartialEq {
    |                                                                  +++++++++++++++++

error[E0277]: `Self` doesn't implement `Debug`
   --> bootstrap/src/godel.rs:115:45
    |
115 |                 .map(|item| format!("{:?}", item))
    |                                             ^^^^ `Self` cannot be formatted using `{:?}` because it doesn't implement `Debug`
    |
    = note: this error originates in the macro `$crate::__export::format_args` which comes from the expansion of the macro `format` (in Nightly builds, run with -Z macro-backtrace for more info)
help: consider further restricting `Self`
    |
109 |     fn godel_to_string(n: u64) -> String where Self: Sized, Self: Debug {
    |                                                           +++++++++++++

error[E0599]: no variant or associated item named `Duality` found for enum `EmojiStage` in the current scope
   --> bootstrap/src/emojistage.rs:169:25
    |
4   | pub enum EmojiStage {
    | ------------------- variant or associated item `Duality` not found for this enum
...
169 |             EmojiStage::Duality,
    |                         ^^^^^^^ variant or associated item not found in `EmojiStage`

error[E0599]: no variant or associated item named `Trinity` found for enum `EmojiStage` in the current scope
   --> bootstrap/src/emojistage.rs:170:25
    |
4   | pub enum EmojiStage {
    | ------------------- variant or associated item `Trinity` not found for this enum
...
170 |             EmojiStage::Trinity,
    |                         ^^^^^^^ variant or associated item not found in `EmojiStage`

error[E0599]: no variant or associated item named `Tetrad` found for enum `EmojiStage` in the current scope
   --> bootstrap/src/emojistage.rs:171:25
    |
4   | pub enum EmojiStage {
    | ------------------- variant or associated item `Tetrad` not found for this enum
...
171 |             EmojiStage::Tetrad,
    |                         ^^^^^^ variant or associated item not found in `EmojiStage`

error[E0599]: no variant or associated item named `Pentad` found for enum `EmojiStage` in the current scope
   --> bootstrap/src/emojistage.rs:172:25
    |
4   | pub enum EmojiStage {
    | ------------------- variant or associated item `Pentad` not found for this enum
...
172 |             EmojiStage::Pentad,
    |                         ^^^^^^ variant or associated item not found in `EmojiStage`

error[E0599]: no variant or associated item named `Hexad` found for enum `EmojiStage` in the current scope
   --> bootstrap/src/emojistage.rs:173:25
    |
4   | pub enum EmojiStage {
    | ------------------- variant or associated item `Hexad` not found for this enum
...
173 |             EmojiStage::Hexad,
    |                         ^^^^^ variant or associated item not found in `EmojiStage`

error[E0599]: no variant or associated item named `Septad` found for enum `EmojiStage` in the current scope
   --> bootstrap/src/emojistage.rs:174:25
    |
4   | pub enum EmojiStage {
    | ------------------- variant or associated item `Septad` not found for this enum
...
174 |             EmojiStage::Septad,
    |                         ^^^^^^ variant or associated item not found in `EmojiStage`

error[E0599]: no variant or associated item named `Octad` found for enum `EmojiStage` in the current scope
   --> bootstrap/src/emojistage.rs:175:25
    |
4   | pub enum EmojiStage {
    | ------------------- variant or associated item `Octad` not found for this enum
...
175 |             EmojiStage::Octad,
    |                         ^^^^^ variant or associated item not found in `EmojiStage`

error[E0599]: no variant or associated item named `Ennead` found for enum `EmojiStage` in the current scope
   --> bootstrap/src/emojistage.rs:176:25
    |
4   | pub enum EmojiStage {
    | ------------------- variant or associated item `Ennead` not found for this enum
...
176 |             EmojiStage::Ennead,
    |                         ^^^^^^ variant or associated item not found in `EmojiStage`

error[E0599]: no variant or associated item named `Decad` found for enum `EmojiStage` in the current scope
   --> bootstrap/src/emojistage.rs:177:25
    |
4   | pub enum EmojiStage {
    | ------------------- variant or associated item `Decad` not found for this enum
...
177 |             EmojiStage::Decad,
    |                         ^^^^^ variant or associated item not found in `EmojiStage`

error[E0599]: no variant or associated item named `Heptadecagon` found for enum `EmojiStage` in the current scope
   --> bootstrap/src/emojistage.rs:183:25
    |
4   | pub enum EmojiStage {
    | ------------------- variant or associated item `Heptadecagon` not found for this enum
...
183 |             EmojiStage::Heptadecagon,
    |                         ^^^^^^^^^^^^ variant or associated item not found in `EmojiStage`
    |
help: there is a variant with a similar name
    |
183 -             EmojiStage::Heptadecagon,
183 +             EmojiStage::Pentadecagon,
    |

error[E0599]: no variant or associated item named `Octadecagon` found for enum `EmojiStage` in the current scope
   --> bootstrap/src/emojistage.rs:184:25
    |
4   | pub enum EmojiStage {
    | ------------------- variant or associated item `Octadecagon` not found for this enum
...
184 |             EmojiStage::Octadecagon,
    |                         ^^^^^^^^^^^ variant or associated item not found in `EmojiStage`
    |
help: there is a variant with a similar name
    |
184 -             EmojiStage::Octadecagon,
184 +             EmojiStage::Pentadecagon,
    |

error[E0599]: no variant or associated item named `Enneadecagon` found for enum `EmojiStage` in the current scope
   --> bootstrap/src/emojistage.rs:185:25
    |
4   | pub enum EmojiStage {
    | ------------------- variant or associated item `Enneadecagon` not found for this enum
...
185 |             EmojiStage::Enneadecagon,
    |                         ^^^^^^^^^^^^ variant or associated item not found in `EmojiStage`
    |
help: there is a variant with a similar name
    |
185 -             EmojiStage::Enneadecagon,
185 +             EmojiStage::Pentadecagon,
    |

error[E0599]: no variant or associated item named `Icosagon` found for enum `EmojiStage` in the current scope
   --> bootstrap/src/emojistage.rs:186:25
    |
4   | pub enum EmojiStage {
    | ------------------- variant or associated item `Icosagon` not found for this enum
...
186 |             EmojiStage::Icosagon,
    |                         ^^^^^^^^ variant or associated item not found in `EmojiStage`

error[E0599]: no variant or associated item named `Icosihenagon` found for enum `EmojiStage` in the current scope
   --> bootstrap/src/emojistage.rs:187:25
    |
4   | pub enum EmojiStage {
    | ------------------- variant or associated item `Icosihenagon` not found for this enum
...
187 |             EmojiStage::Icosihenagon,
    |                         ^^^^^^^^^^^^ variant or associated item not found in `EmojiStage`

error[E0599]: no variant or associated item named `Icosidigon` found for enum `EmojiStage` in the current scope
   --> bootstrap/src/emojistage.rs:188:25
    |
4   | pub enum EmojiStage {
    | ------------------- variant or associated item `Icosidigon` not found for this enum
...
188 |             EmojiStage::Icosidigon,
    |                         ^^^^^^^^^^ variant or associated item not found in `EmojiStage`

error[E0599]: no variant or associated item named `Icositrigon` found for enum `EmojiStage` in the current scope
   --> bootstrap/src/emojistage.rs:189:25
    |
4   | pub enum EmojiStage {
    | ------------------- variant or associated item `Icositrigon` not found for this enum
...
189 |             EmojiStage::Icositrigon,
    |                         ^^^^^^^^^^^ variant or associated item not found in `EmojiStage`

error[E0599]: no variant or associated item named `Icositetragon` found for enum `EmojiStage` in the current scope
   --> bootstrap/src/emojistage.rs:190:25
    |
4   | pub enum EmojiStage {
    | ------------------- variant or associated item `Icositetragon` not found for this enum
...
190 |             EmojiStage::Icositetragon,
    |                         ^^^^^^^^^^^^^ variant or associated item not found in `EmojiStage`

error[E0599]: no variant or associated item named `Icosipentagon` found for enum `EmojiStage` in the current scope
   --> bootstrap/src/emojistage.rs:191:25
    |
4   | pub enum EmojiStage {
    | ------------------- variant or associated item `Icosipentagon` not found for this enum
...
191 |             EmojiStage::Icosipentagon,
    |                         ^^^^^^^^^^^^^ variant or associated item not found in `EmojiStage`

error[E0599]: no variant or associated item named `Icosihexagon` found for enum `EmojiStage` in the current scope
   --> bootstrap/src/emojistage.rs:192:25
    |
4   | pub enum EmojiStage {
    | ------------------- variant or associated item `Icosihexagon` not found for this enum
...
192 |             EmojiStage::Icosihexagon,
    |                         ^^^^^^^^^^^^ variant or associated item not found in `EmojiStage`

error[E0599]: no variant or associated item named `Icosiheptagon` found for enum `EmojiStage` in the current scope
   --> bootstrap/src/emojistage.rs:193:25
    |
4   | pub enum EmojiStage {
    | ------------------- variant or associated item `Icosiheptagon` not found for this enum
...
193 |             EmojiStage::Icosiheptagon,
    |                         ^^^^^^^^^^^^^ variant or associated item not found in `EmojiStage`

error[E0599]: no variant or associated item named `Icosioctagon` found for enum `EmojiStage` in the current scope
   --> bootstrap/src/emojistage.rs:194:25
    |
4   | pub enum EmojiStage {
    | ------------------- variant or associated item `Icosioctagon` not found for this enum
...
194 |             EmojiStage::Icosioctagon,
    |                         ^^^^^^^^^^^^ variant or associated item not found in `EmojiStage`

error[E0599]: no variant or associated item named `Icosienneagon` found for enum `EmojiStage` in the current scope
   --> bootstrap/src/emojistage.rs:195:25
    |
4   | pub enum EmojiStage {
    | ------------------- variant or associated item `Icosienneagon` not found for this enum
...
195 |             EmojiStage::Icosienneagon,
    |                         ^^^^^^^^^^^^^ variant or associated item not found in `EmojiStage`

error[E0599]: no variant or associated item named `Triacontagon` found for enum `EmojiStage` in the current scope
   --> bootstrap/src/emojistage.rs:196:25
    |
4   | pub enum EmojiStage {
    | ------------------- variant or associated item `Triacontagon` not found for this enum
...
196 |             EmojiStage::Triacontagon,
    |                         ^^^^^^^^^^^^ variant or associated item not found in `EmojiStage`

error[E0599]: no variant or associated item named `Triacontahenagon` found for enum `EmojiStage` in the current scope
   --> bootstrap/src/emojistage.rs:197:25
    |
4   | pub enum EmojiStage {
    | ------------------- variant or associated item `Triacontahenagon` not found for this enum
...
197 |             EmojiStage::Triacontahenagon,
    |                         ^^^^^^^^^^^^^^^^ variant or associated item not found in `EmojiStage`

error[E0599]: no variant or associated item named `Triacontadigon` found for enum `EmojiStage` in the current scope
   --> bootstrap/src/emojistage.rs:198:25
    |
4   | pub enum EmojiStage {
    | ------------------- variant or associated item `Triacontadigon` not found for this enum
...
198 |             EmojiStage::Triacontadigon,
    |                         ^^^^^^^^^^^^^^ variant or associated item not found in `EmojiStage`

error[E0599]: no variant or associated item named `Triacontatrigon` found for enum `EmojiStage` in the current scope
   --> bootstrap/src/emojistage.rs:199:25
    |
4   | pub enum EmojiStage {
    | ------------------- variant or associated item `Triacontatrigon` not found for this enum
...
199 |             EmojiStage::Triacontatrigon,
    |                         ^^^^^^^^^^^^^^^ variant or associated item not found in `EmojiStage`

error[E0599]: no variant or associated item named `Triacontatetragon` found for enum `EmojiStage` in the current scope
   --> bootstrap/src/emojistage.rs:200:25
    |
4   | pub enum EmojiStage {
    | ------------------- variant or associated item `Triacontatetragon` not found for this enum
...
200 |             EmojiStage::Triacontatetragon,
    |                         ^^^^^^^^^^^^^^^^^ variant or associated item not found in `EmojiStage`

error[E0599]: no variant or associated item named `Triacontapentagon` found for enum `EmojiStage` in the current scope
   --> bootstrap/src/emojistage.rs:201:25
    |
4   | pub enum EmojiStage {
    | ------------------- variant or associated item `Triacontapentagon` not found for this enum
...
201 |             EmojiStage::Triacontapentagon,
    |                         ^^^^^^^^^^^^^^^^^ variant or associated item not found in `EmojiStage`

error[E0599]: no variant or associated item named `Triacontahexagon` found for enum `EmojiStage` in the current scope
   --> bootstrap/src/emojistage.rs:202:25
    |
4   | pub enum EmojiStage {
    | ------------------- variant or associated item `Triacontahexagon` not found for this enum
...
202 |             EmojiStage::Triacontahexagon,
    |                         ^^^^^^^^^^^^^^^^ variant or associated item not found in `EmojiStage`

error[E0599]: no variant or associated item named `Triacontaheptagon` found for enum `EmojiStage` in the current scope
   --> bootstrap/src/emojistage.rs:203:25
    |
4   | pub enum EmojiStage {
    | ------------------- variant or associated item `Triacontaheptagon` not found for this enum
...
203 |             EmojiStage::Triacontaheptagon,
    |                         ^^^^^^^^^^^^^^^^^ variant or associated item not found in `EmojiStage`

error[E0599]: no variant or associated item named `Triacontaoctagon` found for enum `EmojiStage` in the current scope
   --> bootstrap/src/emojistage.rs:204:25
    |
4   | pub enum EmojiStage {
    | ------------------- variant or associated item `Triacontaoctagon` not found for this enum
...
204 |             EmojiStage::Triacontaoctagon,
    |                         ^^^^^^^^^^^^^^^^ variant or associated item not found in `EmojiStage`

error[E0599]: no variant or associated item named `Triacontenneagon` found for enum `EmojiStage` in the current scope
   --> bootstrap/src/emojistage.rs:205:25
    |
4   | pub enum EmojiStage {
    | ------------------- variant or associated item `Triacontenneagon` not found for this enum
...
205 |             EmojiStage::Triacontenneagon,
    |                         ^^^^^^^^^^^^^^^^ variant or associated item not found in `EmojiStage`

error[E0599]: no variant or associated item named `Tetracontagon` found for enum `EmojiStage` in the current scope
   --> bootstrap/src/emojistage.rs:206:25
    |
4   | pub enum EmojiStage {
    | ------------------- variant or associated item `Tetracontagon` not found for this enum
...
206 |             EmojiStage::Tetracontagon,
    |                         ^^^^^^^^^^^^^ variant or associated item not found in `EmojiStage`

error[E0599]: no variant or associated item named `Tetracontahenagon` found for enum `EmojiStage` in the current scope
   --> bootstrap/src/emojistage.rs:207:25
    |
4   | pub enum EmojiStage {
    | ------------------- variant or associated item `Tetracontahenagon` not found for this enum
...
207 |             EmojiStage::Tetracontahenagon,
    |                         ^^^^^^^^^^^^^^^^^ variant or associated item not found in `EmojiStage`

error[E0599]: no variant or associated item named `Answer` found for enum `EmojiStage` in the current scope
   --> bootstrap/src/emojistage.rs:208:25
    |
4   | pub enum EmojiStage {
    | ------------------- variant or associated item `Answer` not found for this enum
...
208 |             EmojiStage::Answer,
    |                         ^^^^^^ variant or associated item not found in `EmojiStage`

error[E0599]: no variant or associated item named `Duality` found for enum `EmojiStage` in the current scope
   --> bootstrap/src/emojistage.rs:224:25
    |
4   | pub enum EmojiStage {
    | ------------------- variant or associated item `Duality` not found for this enum
...
224 |             EmojiStage::Duality => 2,
    |                         ^^^^^^^ variant or associated item not found in `EmojiStage`

error[E0599]: no variant or associated item named `Trinity` found for enum `EmojiStage` in the current scope
   --> bootstrap/src/emojistage.rs:225:25
    |
4   | pub enum EmojiStage {
    | ------------------- variant or associated item `Trinity` not found for this enum
...
225 |             EmojiStage::Trinity => 3,
    |                         ^^^^^^^ variant or associated item not found in `EmojiStage`

error[E0599]: no variant or associated item named `Tetrad` found for enum `EmojiStage` in the current scope
   --> bootstrap/src/emojistage.rs:226:25
    |
4   | pub enum EmojiStage {
    | ------------------- variant or associated item `Tetrad` not found for this enum
...
226 |             EmojiStage::Tetrad => 4,
    |                         ^^^^^^ variant or associated item not found in `EmojiStage`

error[E0599]: no variant or associated item named `Pentad` found for enum `EmojiStage` in the current scope
   --> bootstrap/src/emojistage.rs:227:25
    |
4   | pub enum EmojiStage {
    | ------------------- variant or associated item `Pentad` not found for this enum
...
227 |             EmojiStage::Pentad => 5,
    |                         ^^^^^^ variant or associated item not found in `EmojiStage`

error[E0599]: no variant or associated item named `Hexad` found for enum `EmojiStage` in the current scope
   --> bootstrap/src/emojistage.rs:228:25
    |
4   | pub enum EmojiStage {
    | ------------------- variant or associated item `Hexad` not found for this enum
...
228 |             EmojiStage::Hexad => 6,
    |                         ^^^^^ variant or associated item not found in `EmojiStage`

error[E0599]: no variant or associated item named `Septad` found for enum `EmojiStage` in the current scope
   --> bootstrap/src/emojistage.rs:229:25
    |
4   | pub enum EmojiStage {
    | ------------------- variant or associated item `Septad` not found for this enum
...
229 |             EmojiStage::Septad => 7,
    |                         ^^^^^^ variant or associated item not found in `EmojiStage`

error[E0599]: no variant or associated item named `Octad` found for enum `EmojiStage` in the current scope
   --> bootstrap/src/emojistage.rs:230:25
    |
4   | pub enum EmojiStage {
    | ------------------- variant or associated item `Octad` not found for this enum
...
230 |             EmojiStage::Octad => 8,
    |                         ^^^^^ variant or associated item not found in `EmojiStage`

error[E0599]: no variant or associated item named `Ennead` found for enum `EmojiStage` in the current scope
   --> bootstrap/src/emojistage.rs:231:25
    |
4   | pub enum EmojiStage {
    | ------------------- variant or associated item `Ennead` not found for this enum
...
231 |             EmojiStage::Ennead => 9,
    |                         ^^^^^^ variant or associated item not found in `EmojiStage`

error[E0599]: no variant or associated item named `Decad` found for enum `EmojiStage` in the current scope
   --> bootstrap/src/emojistage.rs:232:25
    |
4   | pub enum EmojiStage {
    | ------------------- variant or associated item `Decad` not found for this enum
...
232 |             EmojiStage::Decad => 10,
    |                         ^^^^^ variant or associated item not found in `EmojiStage`

error[E0599]: no variant or associated item named `Heptadecagon` found for enum `EmojiStage` in the current scope
   --> bootstrap/src/emojistage.rs:238:25
    |
4   | pub enum EmojiStage {
    | ------------------- variant or associated item `Heptadecagon` not found for this enum
...
238 |             EmojiStage::Heptadecagon => 17,
    |                         ^^^^^^^^^^^^ variant or associated item not found in `EmojiStage`
    |
help: there is a variant with a similar name
    |
238 -             EmojiStage::Heptadecagon => 17,
238 +             EmojiStage::Pentadecagon => 17,
    |

error[E0599]: no variant or associated item named `Octadecagon` found for enum `EmojiStage` in the current scope
   --> bootstrap/src/emojistage.rs:239:25
    |
4   | pub enum EmojiStage {
    | ------------------- variant or associated item `Octadecagon` not found for this enum
...
239 |             EmojiStage::Octadecagon => 18,
    |                         ^^^^^^^^^^^ variant or associated item not found in `EmojiStage`
    |
help: there is a variant with a similar name
    |
239 -             EmojiStage::Octadecagon => 18,
239 +             EmojiStage::Pentadecagon => 18,
    |

error[E0599]: no variant or associated item named `Enneadecagon` found for enum `EmojiStage` in the current scope
   --> bootstrap/src/emojistage.rs:240:25
    |
4   | pub enum EmojiStage {
    | ------------------- variant or associated item `Enneadecagon` not found for this enum
...
240 |             EmojiStage::Enneadecagon => 19,
    |                         ^^^^^^^^^^^^ variant or associated item not found in `EmojiStage`
    |
help: there is a variant with a similar name
    |
240 -             EmojiStage::Enneadecagon => 19,
240 +             EmojiStage::Pentadecagon => 19,
    |

error[E0599]: no variant or associated item named `Icosagon` found for enum `EmojiStage` in the current scope
   --> bootstrap/src/emojistage.rs:241:25
    |
4   | pub enum EmojiStage {
    | ------------------- variant or associated item `Icosagon` not found for this enum
...
241 |             EmojiStage::Icosagon => 20,
    |                         ^^^^^^^^ variant or associated item not found in `EmojiStage`

error[E0599]: no variant or associated item named `Icosihenagon` found for enum `EmojiStage` in the current scope
   --> bootstrap/src/emojistage.rs:242:25
    |
4   | pub enum EmojiStage {
    | ------------------- variant or associated item `Icosihenagon` not found for this enum
...
242 |             EmojiStage::Icosihenagon => 21,
    |                         ^^^^^^^^^^^^ variant or associated item not found in `EmojiStage`

error[E0599]: no variant or associated item named `Icosidigon` found for enum `EmojiStage` in the current scope
   --> bootstrap/src/emojistage.rs:243:25
    |
4   | pub enum EmojiStage {
    | ------------------- variant or associated item `Icosidigon` not found for this enum
...
243 |             EmojiStage::Icosidigon => 22,
    |                         ^^^^^^^^^^ variant or associated item not found in `EmojiStage`

error[E0599]: no variant or associated item named `Icositrigon` found for enum `EmojiStage` in the current scope
   --> bootstrap/src/emojistage.rs:244:25
    |
4   | pub enum EmojiStage {
    | ------------------- variant or associated item `Icositrigon` not found for this enum
...
244 |             EmojiStage::Icositrigon => 23,
    |                         ^^^^^^^^^^^ variant or associated item not found in `EmojiStage`

error[E0599]: no variant or associated item named `Icositetragon` found for enum `EmojiStage` in the current scope
   --> bootstrap/src/emojistage.rs:245:25
    |
4   | pub enum EmojiStage {
    | ------------------- variant or associated item `Icositetragon` not found for this enum
...
245 |             EmojiStage::Icositetragon => 24,
    |                         ^^^^^^^^^^^^^ variant or associated item not found in `EmojiStage`

error[E0599]: no variant or associated item named `Icosipentagon` found for enum `EmojiStage` in the current scope
   --> bootstrap/src/emojistage.rs:246:25
    |
4   | pub enum EmojiStage {
    | ------------------- variant or associated item `Icosipentagon` not found for this enum
...
246 |             EmojiStage::Icosipentagon => 25,
    |                         ^^^^^^^^^^^^^ variant or associated item not found in `EmojiStage`

error[E0599]: no variant or associated item named `Icosihexagon` found for enum `EmojiStage` in the current scope
   --> bootstrap/src/emojistage.rs:247:25
    |
4   | pub enum EmojiStage {
    | ------------------- variant or associated item `Icosihexagon` not found for this enum
...
247 |             EmojiStage::Icosihexagon => 26,
    |                         ^^^^^^^^^^^^ variant or associated item not found in `EmojiStage`

error[E0599]: no variant or associated item named `Icosiheptagon` found for enum `EmojiStage` in the current scope
   --> bootstrap/src/emojistage.rs:248:25
    |
4   | pub enum EmojiStage {
    | ------------------- variant or associated item `Icosiheptagon` not found for this enum
...
248 |             EmojiStage::Icosiheptagon => 27,
    |                         ^^^^^^^^^^^^^ variant or associated item not found in `EmojiStage`

error[E0599]: no variant or associated item named `Icosioctagon` found for enum `EmojiStage` in the current scope
   --> bootstrap/src/emojistage.rs:249:25
    |
4   | pub enum EmojiStage {
    | ------------------- variant or associated item `Icosioctagon` not found for this enum
...
249 |             EmojiStage::Icosioctagon => 28,
    |                         ^^^^^^^^^^^^ variant or associated item not found in `EmojiStage`

error[E0599]: no variant or associated item named `Icosienneagon` found for enum `EmojiStage` in the current scope
   --> bootstrap/src/emojistage.rs:250:25
    |
4   | pub enum EmojiStage {
    | ------------------- variant or associated item `Icosienneagon` not found for this enum
...
250 |             EmojiStage::Icosienneagon => 29,
    |                         ^^^^^^^^^^^^^ variant or associated item not found in `EmojiStage`

error[E0599]: no variant or associated item named `Triacontagon` found for enum `EmojiStage` in the current scope
   --> bootstrap/src/emojistage.rs:251:25
    |
4   | pub enum EmojiStage {
    | ------------------- variant or associated item `Triacontagon` not found for this enum
...
251 |             EmojiStage::Triacontagon => 30,
    |                         ^^^^^^^^^^^^ variant or associated item not found in `EmojiStage`

error[E0599]: no variant or associated item named `Triacontahenagon` found for enum `EmojiStage` in the current scope
   --> bootstrap/src/emojistage.rs:252:25
    |
4   | pub enum EmojiStage {
    | ------------------- variant or associated item `Triacontahenagon` not found for this enum
...
252 |             EmojiStage::Triacontahenagon => 31,
    |                         ^^^^^^^^^^^^^^^^ variant or associated item not found in `EmojiStage`

error[E0599]: no variant or associated item named `Triacontadigon` found for enum `EmojiStage` in the current scope
   --> bootstrap/src/emojistage.rs:253:25
    |
4   | pub enum EmojiStage {
    | ------------------- variant or associated item `Triacontadigon` not found for this enum
...
253 |             EmojiStage::Triacontadigon => 32,
    |                         ^^^^^^^^^^^^^^ variant or associated item not found in `EmojiStage`

error[E0599]: no variant or associated item named `Triacontatrigon` found for enum `EmojiStage` in the current scope
   --> bootstrap/src/emojistage.rs:254:25
    |
4   | pub enum EmojiStage {
    | ------------------- variant or associated item `Triacontatrigon` not found for this enum
...
254 |             EmojiStage::Triacontatrigon => 33,
    |                         ^^^^^^^^^^^^^^^ variant or associated item not found in `EmojiStage`

error[E0599]: no variant or associated item named `Triacontatetragon` found for enum `EmojiStage` in the current scope
   --> bootstrap/src/emojistage.rs:255:25
    |
4   | pub enum EmojiStage {
    | ------------------- variant or associated item `Triacontatetragon` not found for this enum
...
255 |             EmojiStage::Triacontatetragon => 34,
    |                         ^^^^^^^^^^^^^^^^^ variant or associated item not found in `EmojiStage`

error[E0599]: no variant or associated item named `Triacontapentagon` found for enum `EmojiStage` in the current scope
   --> bootstrap/src/emojistage.rs:256:25
    |
4   | pub enum EmojiStage {
    | ------------------- variant or associated item `Triacontapentagon` not found for this enum
...
256 |             EmojiStage::Triacontapentagon => 35,
    |                         ^^^^^^^^^^^^^^^^^ variant or associated item not found in `EmojiStage`

error[E0599]: no variant or associated item named `Triacontahexagon` found for enum `EmojiStage` in the current scope
   --> bootstrap/src/emojistage.rs:257:25
    |
4   | pub enum EmojiStage {
    | ------------------- variant or associated item `Triacontahexagon` not found for this enum
...
257 |             EmojiStage::Triacontahexagon => 36,
    |                         ^^^^^^^^^^^^^^^^ variant or associated item not found in `EmojiStage`

error[E0599]: no variant or associated item named `Triacontaheptagon` found for enum `EmojiStage` in the current scope
   --> bootstrap/src/emojistage.rs:258:25
    |
4   | pub enum EmojiStage {
    | ------------------- variant or associated item `Triacontaheptagon` not found for this enum
...
258 |             EmojiStage::Triacontaheptagon => 37,
    |                         ^^^^^^^^^^^^^^^^^ variant or associated item not found in `EmojiStage`

error[E0599]: no variant or associated item named `Triacontaoctagon` found for enum `EmojiStage` in the current scope
   --> bootstrap/src/emojistage.rs:259:25
    |
4   | pub enum EmojiStage {
    | ------------------- variant or associated item `Triacontaoctagon` not found for this enum
...
259 |             EmojiStage::Triacontaoctagon => 38,
    |                         ^^^^^^^^^^^^^^^^ variant or associated item not found in `EmojiStage`

error[E0599]: no variant or associated item named `Triacontenneagon` found for enum `EmojiStage` in the current scope
   --> bootstrap/src/emojistage.rs:260:25
    |
4   | pub enum EmojiStage {
    | ------------------- variant or associated item `Triacontenneagon` not found for this enum
...
260 |             EmojiStage::Triacontenneagon => 39,
    |                         ^^^^^^^^^^^^^^^^ variant or associated item not found in `EmojiStage`

error[E0599]: no variant or associated item named `Tetracontagon` found for enum `EmojiStage` in the current scope
   --> bootstrap/src/emojistage.rs:261:25
    |
4   | pub enum EmojiStage {
    | ------------------- variant or associated item `Tetracontagon` not found for this enum
...
261 |             EmojiStage::Tetracontagon => 40,
    |                         ^^^^^^^^^^^^^ variant or associated item not found in `EmojiStage`

error[E0599]: no variant or associated item named `Tetracontahenagon` found for enum `EmojiStage` in the current scope
   --> bootstrap/src/emojistage.rs:262:25
    |
4   | pub enum EmojiStage {
    | ------------------- variant or associated item `Tetracontahenagon` not found for this enum
...
262 |             EmojiStage::Tetracontahenagon => 41,
    |                         ^^^^^^^^^^^^^^^^^ variant or associated item not found in `EmojiStage`

error[E0599]: no variant or associated item named `Answer` found for enum `EmojiStage` in the current scope
   --> bootstrap/src/emojistage.rs:263:25
    |
4   | pub enum EmojiStage {
    | ------------------- variant or associated item `Answer` not found for this enum
...
263 |             EmojiStage::Answer => 42,
    |                         ^^^^^^ variant or associated item not found in `EmojiStage`

error[E0599]: no variant or associated item named `Duality` found for enum `EmojiStage` in the current scope
   --> bootstrap/src/emojistage.rs:374:25
    |
4   | pub enum EmojiStage {
    | ------------------- variant or associated item `Duality` not found for this enum
...
374 |             EmojiStage::Duality => "2",
    |                         ^^^^^^^ variant or associated item not found in `EmojiStage`

error[E0599]: no variant or associated item named `Trinity` found for enum `EmojiStage` in the current scope
   --> bootstrap/src/emojistage.rs:375:25
    |
4   | pub enum EmojiStage {
    | ------------------- variant or associated item `Trinity` not found for this enum
...
375 |             EmojiStage::Trinity => "3",
    |                         ^^^^^^^ variant or associated item not found in `EmojiStage`

error[E0599]: no variant or associated item named `Tetrad` found for enum `EmojiStage` in the current scope
   --> bootstrap/src/emojistage.rs:376:25
    |
4   | pub enum EmojiStage {
    | ------------------- variant or associated item `Tetrad` not found for this enum
...
376 |             EmojiStage::Tetrad => "4",
    |                         ^^^^^^ variant or associated item not found in `EmojiStage`

error[E0599]: no variant or associated item named `Pentad` found for enum `EmojiStage` in the current scope
   --> bootstrap/src/emojistage.rs:377:25
    |
4   | pub enum EmojiStage {
    | ------------------- variant or associated item `Pentad` not found for this enum
...
377 |             EmojiStage::Pentad => "5",
    |                         ^^^^^^ variant or associated item not found in `EmojiStage`

error[E0599]: no variant or associated item named `Hexad` found for enum `EmojiStage` in the current scope
   --> bootstrap/src/emojistage.rs:378:25
    |
4   | pub enum EmojiStage {
    | ------------------- variant or associated item `Hexad` not found for this enum
...
378 |             EmojiStage::Hexad => "6",
    |                         ^^^^^ variant or associated item not found in `EmojiStage`

error[E0599]: no variant or associated item named `Septad` found for enum `EmojiStage` in the current scope
   --> bootstrap/src/emojistage.rs:379:25
    |
4   | pub enum EmojiStage {
    | ------------------- variant or associated item `Septad` not found for this enum
...
379 |             EmojiStage::Septad => "7",
    |                         ^^^^^^ variant or associated item not found in `EmojiStage`

error[E0599]: no variant or associated item named `Octad` found for enum `EmojiStage` in the current scope
   --> bootstrap/src/emojistage.rs:380:25
    |
4   | pub enum EmojiStage {
    | ------------------- variant or associated item `Octad` not found for this enum
...
380 |             EmojiStage::Octad => "8",
    |                         ^^^^^ variant or associated item not found in `EmojiStage`

error[E0599]: no variant or associated item named `Ennead` found for enum `EmojiStage` in the current scope
   --> bootstrap/src/emojistage.rs:381:25
    |
4   | pub enum EmojiStage {
    | ------------------- variant or associated item `Ennead` not found for this enum
...
381 |             EmojiStage::Ennead => "9",
    |                         ^^^^^^ variant or associated item not found in `EmojiStage`

error[E0599]: no variant or associated item named `Decad` found for enum `EmojiStage` in the current scope
   --> bootstrap/src/emojistage.rs:382:25
    |
4   | pub enum EmojiStage {
    | ------------------- variant or associated item `Decad` not found for this enum
...
382 |             EmojiStage::Decad => "",
    |                         ^^^^^ variant or associated item not found in `EmojiStage`

error[E0599]: no variant or associated item named `Heptadecagon` found for enum `EmojiStage` in the current scope
   --> bootstrap/src/emojistage.rs:388:25
    |
4   | pub enum EmojiStage {
    | ------------------- variant or associated item `Heptadecagon` not found for this enum
...
388 |             EmojiStage::Heptadecagon => "17",
    |                         ^^^^^^^^^^^^ variant or associated item not found in `EmojiStage`
    |
help: there is a variant with a similar name
    |
388 -             EmojiStage::Heptadecagon => "17",
388 +             EmojiStage::Pentadecagon => "17",
    |

error[E0599]: no variant or associated item named `Octadecagon` found for enum `EmojiStage` in the current scope
   --> bootstrap/src/emojistage.rs:389:25
    |
4   | pub enum EmojiStage {
    | ------------------- variant or associated item `Octadecagon` not found for this enum
...
389 |             EmojiStage::Octadecagon => "18",
    |                         ^^^^^^^^^^^ variant or associated item not found in `EmojiStage`
    |
help: there is a variant with a similar name
    |
389 -             EmojiStage::Octadecagon => "18",
389 +             EmojiStage::Pentadecagon => "18",
    |

error[E0599]: no variant or associated item named `Enneadecagon` found for enum `EmojiStage` in the current scope
   --> bootstrap/src/emojistage.rs:390:25
    |
4   | pub enum EmojiStage {
    | ------------------- variant or associated item `Enneadecagon` not found for this enum
...
390 |             EmojiStage::Enneadecagon => "19",
    |                         ^^^^^^^^^^^^ variant or associated item not found in `EmojiStage`
    |
help: there is a variant with a similar name
    |
390 -             EmojiStage::Enneadecagon => "19",
390 +             EmojiStage::Pentadecagon => "19",
    |

error[E0599]: no variant or associated item named `Icosagon` found for enum `EmojiStage` in the current scope
   --> bootstrap/src/emojistage.rs:391:25
    |
4   | pub enum EmojiStage {
    | ------------------- variant or associated item `Icosagon` not found for this enum
...
391 |             EmojiStage::Icosagon => "20",
    |                         ^^^^^^^^ variant or associated item not found in `EmojiStage`

error[E0599]: no variant or associated item named `Icosihenagon` found for enum `EmojiStage` in the current scope
   --> bootstrap/src/emojistage.rs:392:25
    |
4   | pub enum EmojiStage {
    | ------------------- variant or associated item `Icosihenagon` not found for this enum
...
392 |             EmojiStage::Icosihenagon => "21",
    |                         ^^^^^^^^^^^^ variant or associated item not found in `EmojiStage`

error[E0599]: no variant or associated item named `Icosidigon` found for enum `EmojiStage` in the current scope
   --> bootstrap/src/emojistage.rs:393:25
    |
4   | pub enum EmojiStage {
    | ------------------- variant or associated item `Icosidigon` not found for this enum
...
393 |             EmojiStage::Icosidigon => "22",
    |                         ^^^^^^^^^^ variant or associated item not found in `EmojiStage`

error[E0599]: no variant or associated item named `Icositrigon` found for enum `EmojiStage` in the current scope
   --> bootstrap/src/emojistage.rs:394:25
    |
4   | pub enum EmojiStage {
    | ------------------- variant or associated item `Icositrigon` not found for this enum
...
394 |             EmojiStage::Icositrigon => "23",
    |                         ^^^^^^^^^^^ variant or associated item not found in `EmojiStage`

error[E0599]: no variant or associated item named `Icositetragon` found for enum `EmojiStage` in the current scope
   --> bootstrap/src/emojistage.rs:395:25
    |
4   | pub enum EmojiStage {
    | ------------------- variant or associated item `Icositetragon` not found for this enum
...
395 |             EmojiStage::Icositetragon => "24",
    |                         ^^^^^^^^^^^^^ variant or associated item not found in `EmojiStage`

error[E0599]: no variant or associated item named `Icosipentagon` found for enum `EmojiStage` in the current scope
   --> bootstrap/src/emojistage.rs:396:25
    |
4   | pub enum EmojiStage {
    | ------------------- variant or associated item `Icosipentagon` not found for this enum
...
396 |             EmojiStage::Icosipentagon => "25",
    |                         ^^^^^^^^^^^^^ variant or associated item not found in `EmojiStage`

error[E0599]: no variant or associated item named `Icosihexagon` found for enum `EmojiStage` in the current scope
   --> bootstrap/src/emojistage.rs:397:25
    |
4   | pub enum EmojiStage {
    | ------------------- variant or associated item `Icosihexagon` not found for this enum
...
397 |             EmojiStage::Icosihexagon => "26",
    |                         ^^^^^^^^^^^^ variant or associated item not found in `EmojiStage`

error[E0599]: no variant or associated item named `Icosiheptagon` found for enum `EmojiStage` in the current scope
   --> bootstrap/src/emojistage.rs:398:25
    |
4   | pub enum EmojiStage {
    | ------------------- variant or associated item `Icosiheptagon` not found for this enum
...
398 |             EmojiStage::Icosiheptagon => "27",
    |                         ^^^^^^^^^^^^^ variant or associated item not found in `EmojiStage`

error[E0599]: no variant or associated item named `Icosioctagon` found for enum `EmojiStage` in the current scope
   --> bootstrap/src/emojistage.rs:399:25
    |
4   | pub enum EmojiStage {
    | ------------------- variant or associated item `Icosioctagon` not found for this enum
...
399 |             EmojiStage::Icosioctagon => "28",
    |                         ^^^^^^^^^^^^ variant or associated item not found in `EmojiStage`

error[E0599]: no variant or associated item named `Icosienneagon` found for enum `EmojiStage` in the current scope
   --> bootstrap/src/emojistage.rs:400:25
    |
4   | pub enum EmojiStage {
    | ------------------- variant or associated item `Icosienneagon` not found for this enum
...
400 |             EmojiStage::Icosienneagon => "29",
    |                         ^^^^^^^^^^^^^ variant or associated item not found in `EmojiStage`

error[E0599]: no variant or associated item named `Triacontagon` found for enum `EmojiStage` in the current scope
   --> bootstrap/src/emojistage.rs:401:25
    |
4   | pub enum EmojiStage {
    | ------------------- variant or associated item `Triacontagon` not found for this enum
...
401 |             EmojiStage::Triacontagon => "30",
    |                         ^^^^^^^^^^^^ variant or associated item not found in `EmojiStage`

error[E0599]: no variant or associated item named `Triacontahenagon` found for enum `EmojiStage` in the current scope
   --> bootstrap/src/emojistage.rs:402:25
    |
4   | pub enum EmojiStage {
    | ------------------- variant or associated item `Triacontahenagon` not found for this enum
...
402 |             EmojiStage::Triacontahenagon => "31",
    |                         ^^^^^^^^^^^^^^^^ variant or associated item not found in `EmojiStage`

error[E0599]: no variant or associated item named `Triacontadigon` found for enum `EmojiStage` in the current scope
   --> bootstrap/src/emojistage.rs:403:25
    |
4   | pub enum EmojiStage {
    | ------------------- variant or associated item `Triacontadigon` not found for this enum
...
403 |             EmojiStage::Triacontadigon => "32",
    |                         ^^^^^^^^^^^^^^ variant or associated item not found in `EmojiStage`

error[E0599]: no variant or associated item named `Triacontatrigon` found for enum `EmojiStage` in the current scope
   --> bootstrap/src/emojistage.rs:404:25
    |
4   | pub enum EmojiStage {
    | ------------------- variant or associated item `Triacontatrigon` not found for this enum
...
404 |             EmojiStage::Triacontatrigon => "33",
    |                         ^^^^^^^^^^^^^^^ variant or associated item not found in `EmojiStage`

error[E0599]: no variant or associated item named `Triacontatetragon` found for enum `EmojiStage` in the current scope
   --> bootstrap/src/emojistage.rs:405:25
    |
4   | pub enum EmojiStage {
    | ------------------- variant or associated item `Triacontatetragon` not found for this enum
...
405 |             EmojiStage::Triacontatetragon => "34",
    |                         ^^^^^^^^^^^^^^^^^ variant or associated item not found in `EmojiStage`

error[E0599]: no variant or associated item named `Triacontapentagon` found for enum `EmojiStage` in the current scope
   --> bootstrap/src/emojistage.rs:406:25
    |
4   | pub enum EmojiStage {
    | ------------------- variant or associated item `Triacontapentagon` not found for this enum
...
406 |             EmojiStage::Triacontapentagon => "35",
    |                         ^^^^^^^^^^^^^^^^^ variant or associated item not found in `EmojiStage`

error[E0599]: no variant or associated item named `Triacontahexagon` found for enum `EmojiStage` in the current scope
   --> bootstrap/src/emojistage.rs:407:25
    |
4   | pub enum EmojiStage {
    | ------------------- variant or associated item `Triacontahexagon` not found for this enum
...
407 |             EmojiStage::Triacontahexagon => "36",
    |                         ^^^^^^^^^^^^^^^^ variant or associated item not found in `EmojiStage`

error[E0599]: no variant or associated item named `Triacontaheptagon` found for enum `EmojiStage` in the current scope
   --> bootstrap/src/emojistage.rs:408:25
    |
4   | pub enum EmojiStage {
    | ------------------- variant or associated item `Triacontaheptagon` not found for this enum
...
408 |             EmojiStage::Triacontaheptagon => "37",
    |                         ^^^^^^^^^^^^^^^^^ variant or associated item not found in `EmojiStage`

error[E0599]: no variant or associated item named `Triacontaoctagon` found for enum `EmojiStage` in the current scope
   --> bootstrap/src/emojistage.rs:409:25
    |
4   | pub enum EmojiStage {
    | ------------------- variant or associated item `Triacontaoctagon` not found for this enum
...
409 |             EmojiStage::Triacontaoctagon => "38",
    |                         ^^^^^^^^^^^^^^^^ variant or associated item not found in `EmojiStage`

error[E0599]: no variant or associated item named `Triacontenneagon` found for enum `EmojiStage` in the current scope
   --> bootstrap/src/emojistage.rs:410:25
    |
4   | pub enum EmojiStage {
    | ------------------- variant or associated item `Triacontenneagon` not found for this enum
...
410 |             EmojiStage::Triacontenneagon => "39",
    |                         ^^^^^^^^^^^^^^^^ variant or associated item not found in `EmojiStage`

error[E0599]: no variant or associated item named `Tetracontagon` found for enum `EmojiStage` in the current scope
   --> bootstrap/src/emojistage.rs:411:25
    |
4   | pub enum EmojiStage {
    | ------------------- variant or associated item `Tetracontagon` not found for this enum
...
411 |             EmojiStage::Tetracontagon => "40",
    |                         ^^^^^^^^^^^^^ variant or associated item not found in `EmojiStage`

error[E0599]: no variant or associated item named `Tetracontahenagon` found for enum `EmojiStage` in the current scope
   --> bootstrap/src/emojistage.rs:412:25
    |
4   | pub enum EmojiStage {
    | ------------------- variant or associated item `Tetracontahenagon` not found for this enum
...
412 |             EmojiStage::Tetracontahenagon => "41",
    |                         ^^^^^^^^^^^^^^^^^ variant or associated item not found in `EmojiStage`

error[E0599]: no variant or associated item named `Answer` found for enum `EmojiStage` in the current scope
   --> bootstrap/src/emojistage.rs:413:25
    |
4   | pub enum EmojiStage {
    | ------------------- variant or associated item `Answer` not found for this enum
...
413 |             EmojiStage::Answer => "42",
    |                         ^^^^^^ variant or associated item not found in `EmojiStage`

error[E0599]: no variant or associated item named `Duality` found for enum `EmojiStage` in the current scope
   --> bootstrap/src/emojistage.rs:433:25
    |
4   | pub enum EmojiStage {
    | ------------------- variant or associated item `Duality` not found for this enum
...
433 |             EmojiStage::Duality => 3,      // 2nd prime
    |                         ^^^^^^^ variant or associated item not found in `EmojiStage`

error[E0599]: no variant or associated item named `Trinity` found for enum `EmojiStage` in the current scope
   --> bootstrap/src/emojistage.rs:434:25
    |
4   | pub enum EmojiStage {
    | ------------------- variant or associated item `Trinity` not found for this enum
...
434 |             EmojiStage::Trinity => 5,      // 3rd prime
    |                         ^^^^^^^ variant or associated item not found in `EmojiStage`

error[E0599]: no variant or associated item named `Tetrad` found for enum `EmojiStage` in the current scope
   --> bootstrap/src/emojistage.rs:435:25
    |
4   | pub enum EmojiStage {
    | ------------------- variant or associated item `Tetrad` not found for this enum
...
435 |             EmojiStage::Tetrad => 7,       // 4th prime
    |                         ^^^^^^ variant or associated item not found in `EmojiStage`

error[E0599]: no variant or associated item named `Pentad` found for enum `EmojiStage` in the current scope
   --> bootstrap/src/emojistage.rs:436:25
    |
4   | pub enum EmojiStage {
    | ------------------- variant or associated item `Pentad` not found for this enum
...
436 |             EmojiStage::Pentad => 11,      // 5th prime
    |                         ^^^^^^ variant or associated item not found in `EmojiStage`

error[E0599]: no variant or associated item named `Hexad` found for enum `EmojiStage` in the current scope
   --> bootstrap/src/emojistage.rs:437:25
    |
4   | pub enum EmojiStage {
    | ------------------- variant or associated item `Hexad` not found for this enum
...
437 |             EmojiStage::Hexad => 13,       // 6th prime
    |                         ^^^^^ variant or associated item not found in `EmojiStage`

error[E0599]: no variant or associated item named `Septad` found for enum `EmojiStage` in the current scope
   --> bootstrap/src/emojistage.rs:438:25
    |
4   | pub enum EmojiStage {
    | ------------------- variant or associated item `Septad` not found for this enum
...
438 |             EmojiStage::Septad => 17,      // 7th prime
    |                         ^^^^^^ variant or associated item not found in `EmojiStage`

error[E0599]: no variant or associated item named `Octad` found for enum `EmojiStage` in the current scope
   --> bootstrap/src/emojistage.rs:439:25
    |
4   | pub enum EmojiStage {
    | ------------------- variant or associated item `Octad` not found for this enum
...
439 |             EmojiStage::Octad => 19,       // 8th prime
    |                         ^^^^^ variant or associated item not found in `EmojiStage`

error[E0599]: no variant or associated item named `Ennead` found for enum `EmojiStage` in the current scope
   --> bootstrap/src/emojistage.rs:440:25
    |
4   | pub enum EmojiStage {
    | ------------------- variant or associated item `Ennead` not found for this enum
...
440 |             EmojiStage::Ennead => 23,      // 9th prime
    |                         ^^^^^^ variant or associated item not found in `EmojiStage`

error[E0599]: no variant or associated item named `Decad` found for enum `EmojiStage` in the current scope
   --> bootstrap/src/emojistage.rs:441:25
    |
4   | pub enum EmojiStage {
    | ------------------- variant or associated item `Decad` not found for this enum
...
441 |             EmojiStage::Decad => 29,       // 10th prime
    |                         ^^^^^ variant or associated item not found in `EmojiStage`

error[E0599]: no variant or associated item named `Heptadecagon` found for enum `EmojiStage` in the current scope
   --> bootstrap/src/emojistage.rs:447:25
    |
4   | pub enum EmojiStage {
    | ------------------- variant or associated item `Heptadecagon` not found for this enum
...
447 |             EmojiStage::Heptadecagon => 53, // 16th prime
    |                         ^^^^^^^^^^^^ variant or associated item not found in `EmojiStage`
    |
help: there is a variant with a similar name
    |
447 -             EmojiStage::Heptadecagon => 53, // 16th prime
447 +             EmojiStage::Pentadecagon => 53, // 16th prime
    |

error[E0599]: no variant or associated item named `Octadecagon` found for enum `EmojiStage` in the current scope
   --> bootstrap/src/emojistage.rs:448:25
    |
4   | pub enum EmojiStage {
    | ------------------- variant or associated item `Octadecagon` not found for this enum
...
448 |             EmojiStage::Octadecagon => 59,  // 17th prime
    |                         ^^^^^^^^^^^ variant or associated item not found in `EmojiStage`
    |
help: there is a variant with a similar name
    |
448 -             EmojiStage::Octadecagon => 59,  // 17th prime
448 +             EmojiStage::Pentadecagon => 59,  // 17th prime
    |

error[E0599]: no variant or associated item named `Enneadecagon` found for enum `EmojiStage` in the current scope
   --> bootstrap/src/emojistage.rs:449:25
    |
4   | pub enum EmojiStage {
    | ------------------- variant or associated item `Enneadecagon` not found for this enum
...
449 |             EmojiStage::Enneadecagon => 61, // 18th prime
    |                         ^^^^^^^^^^^^ variant or associated item not found in `EmojiStage`
    |
help: there is a variant with a similar name
    |
449 -             EmojiStage::Enneadecagon => 61, // 18th prime
449 +             EmojiStage::Pentadecagon => 61, // 18th prime
    |

error[E0599]: no variant or associated item named `Icosagon` found for enum `EmojiStage` in the current scope
   --> bootstrap/src/emojistage.rs:450:25
    |
4   | pub enum EmojiStage {
    | ------------------- variant or associated item `Icosagon` not found for this enum
...
450 |             EmojiStage::Icosagon => 67,     // 19th prime
    |                         ^^^^^^^^ variant or associated item not found in `EmojiStage`

error[E0599]: no variant or associated item named `Icosihenagon` found for enum `EmojiStage` in the current scope
   --> bootstrap/src/emojistage.rs:451:25
    |
4   | pub enum EmojiStage {
    | ------------------- variant or associated item `Icosihenagon` not found for this enum
...
451 |             EmojiStage::Icosihenagon => 71, // 20th prime
    |                         ^^^^^^^^^^^^ variant or associated item not found in `EmojiStage`

error[E0599]: no variant or associated item named `Icosidigon` found for enum `EmojiStage` in the current scope
   --> bootstrap/src/emojistage.rs:452:25
    |
4   | pub enum EmojiStage {
    | ------------------- variant or associated item `Icosidigon` not found for this enum
...
452 |             EmojiStage::Icosidigon => 73,   // 21st prime
    |                         ^^^^^^^^^^ variant or associated item not found in `EmojiStage`

error[E0599]: no variant or associated item named `Icositrigon` found for enum `EmojiStage` in the current scope
   --> bootstrap/src/emojistage.rs:453:25
    |
4   | pub enum EmojiStage {
    | ------------------- variant or associated item `Icositrigon` not found for this enum
...
453 |             EmojiStage::Icositrigon => 79,  // 22nd prime
    |                         ^^^^^^^^^^^ variant or associated item not found in `EmojiStage`

error[E0599]: no variant or associated item named `Icositetragon` found for enum `EmojiStage` in the current scope
   --> bootstrap/src/emojistage.rs:454:25
    |
4   | pub enum EmojiStage {
    | ------------------- variant or associated item `Icositetragon` not found for this enum
...
454 |             EmojiStage::Icositetragon => 83, // 23rd prime
    |                         ^^^^^^^^^^^^^ variant or associated item not found in `EmojiStage`

error[E0599]: no variant or associated item named `Icosipentagon` found for enum `EmojiStage` in the current scope
   --> bootstrap/src/emojistage.rs:455:25
    |
4   | pub enum EmojiStage {
    | ------------------- variant or associated item `Icosipentagon` not found for this enum
...
455 |             EmojiStage::Icosipentagon => 89, // 24th prime
    |                         ^^^^^^^^^^^^^ variant or associated item not found in `EmojiStage`

error[E0599]: no variant or associated item named `Icosihexagon` found for enum `EmojiStage` in the current scope
   --> bootstrap/src/emojistage.rs:456:25
    |
4   | pub enum EmojiStage {
    | ------------------- variant or associated item `Icosihexagon` not found for this enum
...
456 |             EmojiStage::Icosihexagon => 97,  // 25th prime
    |                         ^^^^^^^^^^^^ variant or associated item not found in `EmojiStage`

error[E0599]: no variant or associated item named `Icosiheptagon` found for enum `EmojiStage` in the current scope
   --> bootstrap/src/emojistage.rs:457:25
    |
4   | pub enum EmojiStage {
    | ------------------- variant or associated item `Icosiheptagon` not found for this enum
...
457 |             EmojiStage::Icosiheptagon => 101, // 26th prime
    |                         ^^^^^^^^^^^^^ variant or associated item not found in `EmojiStage`

error[E0599]: no variant or associated item named `Icosioctagon` found for enum `EmojiStage` in the current scope
   --> bootstrap/src/emojistage.rs:458:25
    |
4   | pub enum EmojiStage {
    | ------------------- variant or associated item `Icosioctagon` not found for this enum
...
458 |             EmojiStage::Icosioctagon => 103,  // 27th prime
    |                         ^^^^^^^^^^^^ variant or associated item not found in `EmojiStage`

error[E0599]: no variant or associated item named `Icosienneagon` found for enum `EmojiStage` in the current scope
   --> bootstrap/src/emojistage.rs:459:25
    |
4   | pub enum EmojiStage {
    | ------------------- variant or associated item `Icosienneagon` not found for this enum
...
459 |             EmojiStage::Icosienneagon => 107, // 28th prime
    |                         ^^^^^^^^^^^^^ variant or associated item not found in `EmojiStage`

error[E0599]: no variant or associated item named `Triacontagon` found for enum `EmojiStage` in the current scope
   --> bootstrap/src/emojistage.rs:460:25
    |
4   | pub enum EmojiStage {
    | ------------------- variant or associated item `Triacontagon` not found for this enum
...
460 |             EmojiStage::Triacontagon => 109,  // 29th prime
    |                         ^^^^^^^^^^^^ variant or associated item not found in `EmojiStage`

error[E0599]: no variant or associated item named `Triacontahenagon` found for enum `EmojiStage` in the current scope
   --> bootstrap/src/emojistage.rs:461:25
    |
4   | pub enum EmojiStage {
    | ------------------- variant or associated item `Triacontahenagon` not found for this enum
...
461 |             EmojiStage::Triacontahenagon => 113, // 30th prime
    |                         ^^^^^^^^^^^^^^^^ variant or associated item not found in `EmojiStage`

error[E0599]: no variant or associated item named `Triacontadigon` found for enum `EmojiStage` in the current scope
   --> bootstrap/src/emojistage.rs:462:25
    |
4   | pub enum EmojiStage {
    | ------------------- variant or associated item `Triacontadigon` not found for this enum
...
462 |             EmojiStage::Triacontadigon => 127,   // 31st prime
    |                         ^^^^^^^^^^^^^^ variant or associated item not found in `EmojiStage`

error[E0599]: no variant or associated item named `Triacontatrigon` found for enum `EmojiStage` in the current scope
   --> bootstrap/src/emojistage.rs:463:25
    |
4   | pub enum EmojiStage {
    | ------------------- variant or associated item `Triacontatrigon` not found for this enum
...
463 |             EmojiStage::Triacontatrigon => 131,  // 32nd prime
    |                         ^^^^^^^^^^^^^^^ variant or associated item not found in `EmojiStage`

error[E0599]: no variant or associated item named `Triacontatetragon` found for enum `EmojiStage` in the current scope
   --> bootstrap/src/emojistage.rs:464:25
    |
4   | pub enum EmojiStage {
    | ------------------- variant or associated item `Triacontatetragon` not found for this enum
...
464 |             EmojiStage::Triacontatetragon => 137, // 33rd prime
    |                         ^^^^^^^^^^^^^^^^^ variant or associated item not found in `EmojiStage`

error[E0599]: no variant or associated item named `Triacontapentagon` found for enum `EmojiStage` in the current scope
   --> bootstrap/src/emojistage.rs:465:25
    |
4   | pub enum EmojiStage {
    | ------------------- variant or associated item `Triacontapentagon` not found for this enum
...
465 |             EmojiStage::Triacontapentagon => 139, // 34th prime
    |                         ^^^^^^^^^^^^^^^^^ variant or associated item not found in `EmojiStage`

error[E0599]: no variant or associated item named `Triacontahexagon` found for enum `EmojiStage` in the current scope
   --> bootstrap/src/emojistage.rs:466:25
    |
4   | pub enum EmojiStage {
    | ------------------- variant or associated item `Triacontahexagon` not found for this enum
...
466 |             EmojiStage::Triacontahexagon => 149,  // 35th prime
    |                         ^^^^^^^^^^^^^^^^ variant or associated item not found in `EmojiStage`

error[E0599]: no variant or associated item named `Triacontaheptagon` found for enum `EmojiStage` in the current scope
   --> bootstrap/src/emojistage.rs:467:25
    |
4   | pub enum EmojiStage {
    | ------------------- variant or associated item `Triacontaheptagon` not found for this enum
...
467 |             EmojiStage::Triacontaheptagon => 151, // 36th prime
    |                         ^^^^^^^^^^^^^^^^^ variant or associated item not found in `EmojiStage`

error[E0599]: no variant or associated item named `Triacontaoctagon` found for enum `EmojiStage` in the current scope
   --> bootstrap/src/emojistage.rs:468:25
    |
4   | pub enum EmojiStage {
    | ------------------- variant or associated item `Triacontaoctagon` not found for this enum
...
468 |             EmojiStage::Triacontaoctagon => 157,  // 37th prime
    |                         ^^^^^^^^^^^^^^^^ variant or associated item not found in `EmojiStage`

error[E0599]: no variant or associated item named `Triacontenneagon` found for enum `EmojiStage` in the current scope
   --> bootstrap/src/emojistage.rs:469:25
    |
4   | pub enum EmojiStage {
    | ------------------- variant or associated item `Triacontenneagon` not found for this enum
...
469 |             EmojiStage::Triacontenneagon => 163,  // 38th prime
    |                         ^^^^^^^^^^^^^^^^ variant or associated item not found in `EmojiStage`

error[E0599]: no variant or associated item named `Tetracontagon` found for enum `EmojiStage` in the current scope
   --> bootstrap/src/emojistage.rs:470:25
    |
4   | pub enum EmojiStage {
    | ------------------- variant or associated item `Tetracontagon` not found for this enum
...
470 |             EmojiStage::Tetracontagon => 167,     // 39th prime
    |                         ^^^^^^^^^^^^^ variant or associated item not found in `EmojiStage`

error[E0599]: no variant or associated item named `Tetracontahenagon` found for enum `EmojiStage` in the current scope
   --> bootstrap/src/emojistage.rs:471:25
    |
4   | pub enum EmojiStage {
    | ------------------- variant or associated item `Tetracontahenagon` not found for this enum
...
471 |             EmojiStage::Tetracontahenagon => 173, // 40th prime
    |                         ^^^^^^^^^^^^^^^^^ variant or associated item not found in `EmojiStage`

error[E0599]: no variant or associated item named `Answer` found for enum `EmojiStage` in the current scope
   --> bootstrap/src/emojistage.rs:472:25
    |
4   | pub enum EmojiStage {
    | ------------------- variant or associated item `Answer` not found for this enum
...
472 |             EmojiStage::Answer => 179,            // 41st prime
    |                         ^^^^^^ variant or associated item not found in `EmojiStage`

error[E0277]: the trait bound `F: Copy` is not satisfied
   --> bootstrap/src/bott.rs:247:27
    |
247 |             coordinates: [None; 8],
    |                           ^^^^ the trait `Copy` is not implemented for `F`
    |
    = note: required for `Option<F>` to implement `Copy`
    = note: the `Copy` trait is required because this value will be copied for each element of the array
help: consider restricting type parameter `F` with trait `Copy`
    |
243 | impl<B, F: std::marker::Copy> Bott8D<B, F> {
    |          +++++++++++++++++++
help: create an inline `const` block
    |
247 -             coordinates: [None; 8],
247 +             coordinates: [const { None }; 8],
    |

error[E0599]: the method `clone` exists for enum `Option<F>`, but its trait bounds were not satisfied
   --> bootstrap/src/bott.rs:303:44
    |
303 |             self.coordinates[dim as usize].clone()
    |                                            ^^^^^ method cannot be called on `Option<F>` due to unsatisfied trait bounds
    |
    = note: the following trait bounds were not satisfied:
            `F: Clone`
            which is required by `Option<F>: Clone`

error[E0277]: the trait bound `F: Clone` is not satisfied
   --> bootstrap/src/bott.rs:319:33
    |
319 |         self.coordinates.iter().cloned().collect()
    |                                 ^^^^^^ the trait `Clone` is not implemented for `F`
    |
    = note: required for `Option<F>` to implement `Clone`
note: required by a bound in `cloned`
   --> /rustc/17067e9ac6d7ecb70e50f92c1944e545188d2359/library/core/src/iter/traits/iterator.rs:3424:5
help: consider restricting type parameter `F` with trait `Clone`
    |
297 | impl<B, F: std::clone::Clone> Bott for Bott8D<B, F> {
    |          +++++++++++++++++++

error[E0599]: `Cloned<std::slice::Iter<'_, Option<F>>>` is not an iterator
   --> bootstrap/src/bott.rs:319:42
    |
319 |         self.coordinates.iter().cloned().collect()
    |                                          ^^^^^^^ `Cloned<std::slice::Iter<'_, Option<F>>>` is not an iterator
    |
    = note: the following trait bounds were not satisfied:
            `Cloned<std::slice::Iter<'_, Option<F>>>: Iterator`
            which is required by `&mut Cloned<std::slice::Iter<'_, Option<F>>>: Iterator`

error[E0599]: no method named `clone` found for type parameter `B` in the current scope
   --> bootstrap/src/bott.rs:325:50
    |
297 | impl<B, F> Bott for Bott8D<B, F> {
    |      - method `clone` not found for this type parameter
...
325 |         let mut new_bott = Bott8D::new(self.base.clone());
    |                                                  ^^^^^ method not found in `B`
    |
    = help: items from traits can only be used if the type parameter is bounded by the trait
help: the following trait defines an item `clone`, perhaps you need to restrict type parameter `B` with it:
    |
297 | impl<B: Clone, F> Bott for Bott8D<B, F> {
    |       +++++++

error[E0599]: no method named `clone` found for type parameter `B` in the current scope
   --> bootstrap/src/bott.rs:338:50
    |
297 | impl<B, F> Bott for Bott8D<B, F> {
    |      - method `clone` not found for this type parameter
...
338 |         let mut new_bott = Bott8D::new(self.base.clone());
    |                                                  ^^^^^ method not found in `B`
    |
    = help: items from traits can only be used if the type parameter is bounded by the trait
help: the following trait defines an item `clone`, perhaps you need to restrict type parameter `B` with it:
    |
297 | impl<B: Clone, F> Bott for Bott8D<B, F> {
    |       +++++++

error[E0599]: no function or associated item named `default` found for type parameter `S` in the current scope
   --> bootstrap/src/clifford.rs:463:35
    |
458 | impl<S> CliffordMultivector<S> {
    |      - function or associated item `default` not found for this type parameter
...
463 |             coefficients: vec![S::default(); size],
    |                                   ^^^^^^^ function or associated item not found in `S`
    |
    = help: items from traits can only be used if the type parameter is bounded by the trait
help: the following trait defines an item `default`, perhaps you need to restrict type parameter `S` with it:
    |
458 | impl<S: Default> CliffordMultivector<S> {
    |       +++++++++

error[E0277]: the trait bound `S: Clone` is not satisfied
   --> bootstrap/src/clifford.rs:463:32
    |
463 |             coefficients: vec![S::default(); size],
    |                           -----^^^^^^^^^^^^-------
    |                           |    |
    |                           |    the trait `Clone` is not implemented for `S`
    |                           required by a bound introduced by this call
    |
note: required by a bound in `from_elem`
   --> /rustc/17067e9ac6d7ecb70e50f92c1944e545188d2359/library/alloc/src/vec/mod.rs:3211:1
help: consider restricting type parameter `S` with trait `Clone`
    |
458 | impl<S: std::clone::Clone> CliffordMultivector<S> {
    |       +++++++++++++++++++

error[E0599]: the method `resize` exists for struct `Vec<S>`, but its trait bounds were not satisfied
   --> bootstrap/src/clifford.rs:473:22
    |
473 |         coefficients.resize(size, S::default());
    |                      ^^^^^^
    |
    = note: the following trait bounds were not satisfied:
            `S: Clone`

error[E0599]: no function or associated item named `default` found for type parameter `S` in the current scope
   --> bootstrap/src/clifford.rs:473:38
    |
458 | impl<S> CliffordMultivector<S> {
    |      - function or associated item `default` not found for this type parameter
...
473 |         coefficients.resize(size, S::default());
    |                                      ^^^^^^^ function or associated item not found in `S`
    |
    = help: items from traits can only be used if the type parameter is bounded by the trait
help: the following trait defines an item `default`, perhaps you need to restrict type parameter `S` with it:
    |
458 | impl<S: Default> CliffordMultivector<S> {
    |       +++++++++

error[E0599]: no function or associated item named `default` found for type parameter `S` in the current scope
   --> bootstrap/src/clifford.rs:508:51
    |
458 | impl<S> CliffordMultivector<S> {
    |      - function or associated item `default` not found for this type parameter
...
508 |         self.coefficients.iter().all(|c| c == &S::default())
    |                                                   ^^^^^^^ function or associated item not found in `S`
    |
    = help: items from traits can only be used if the type parameter is bounded by the trait
help: the following trait defines an item `default`, perhaps you need to restrict type parameter `S` with it:
    |
458 | impl<S: Default> CliffordMultivector<S> {
    |       +++++++++

error[E0599]: no variant or associated item named `PerfectFifth` found for enum `ChordType` in the current scope
   --> bootstrap/src/bach.rs:708:25
    |
47  | pub enum ChordType {
    | ------------------ variant or associated item `PerfectFifth` not found for this enum
...
708 |             (ChordType::PerfectFifth, ChordType::Major) => 0.9,
    |                         ^^^^^^^^^^^^ variant or associated item not found in `ChordType`

error[E0277]: cannot multiply `f64` by `&mut f64`
   --> bootstrap/src/bach.rs:784:47
    |
784 |             let transposition = (matrix[0][0] * duration) as i32 % 12;
    |                                               ^ no implementation for `f64 * &mut f64`
    |
    = help: the trait `Mul<&mut f64>` is not implemented for `f64`
help: consider dereferencing here
    |
784 |             let transposition = (matrix[0][0] * *duration) as i32 % 12;
    |                                                 +

error[E0599]: no method named `choose` found for struct `Vec<usize>` in the current scope
   --> bootstrap/src/bach.rs:816:45
    |
816 |             if let Some(&index) = available.choose(&mut rand::thread_rng()) {
    |                                             ^^^^^^ method not found in `Vec<usize>`
    |
    = help: items from traits can only be used if the trait is implemented and in scope
note: `RngCore` defines an item `choose`, perhaps you need to implement it
   --> bootstrap/src/bach.rs:961:5
    |
961 |     pub trait RngCore {
    |     ^^^^^^^^^^^^^^^^^

error[E0308]: mismatched types
   --> bootstrap/src/bach.rs:890:29
    |
890 |                 *velocity = vel;
    |                 ---------   ^^^ expected `f64`, found `u8`
    |                 |
    |                 expected due to the type of this binding
    |
help: you can convert a `u8` to an `f64`, producing the floating point representation of the integer
    |
890 |                 *velocity = vel.into();
    |                                +++++++

error[E0433]: failed to resolve: use of unresolved module or unlinked crate `num_integer`
  --> bootstrap/src/euler.rs:25:28
   |
25 |         (1..=n).filter(|k| num_integer::gcd(*k, n) == 1).count() as u64
   |                            ^^^^^^^^^^^ use of unresolved module or unlinked crate `num_integer`
   |
   = help: if you wanted to use a crate named `num_integer`, use `cargo add num_integer` to add it to your `Cargo.toml`

error[E0599]: no method named `binomial_coefficient` found for reference `&OEISDatabase` in the current scope
   --> bootstrap/src/oeis.rs:231:49
    |
231 |                 result[i] += sequence[j] * self.binomial_coefficient(i, j);
    |                                                 ^^^^^^^^^^^^^^^^^^^^ method not found in `&OEISDatabase`

error[E0599]: no method named `is_prime` found for reference `&OEISDatabase` in the current scope
   --> bootstrap/src/oeis.rs:251:21
    |
251 |             if self.is_prime(num) {
    |                     ^^^^^^^^ method not found in `&OEISDatabase`

error[E0599]: no method named `is_prime` found for reference `&OEISDatabase` in the current scope
   --> bootstrap/src/oeis.rs:301:39
    |
301 |             pi[i] = pi[i-1] + if self.is_prime(i as i64) { 1 } else { 0 };
    |                                       ^^^^^^^^ method not found in `&OEISDatabase`

error[E0600]: cannot apply unary operator `-` to type `usize`
   --> bootstrap/src/oeis.rs:316:32
    |
316 |                 k = if k > 0 { -k } else { -k + 1 };
    |                                ^^ cannot apply unary operator `-`
    |
    = note: unsigned values cannot be negated

error[E0600]: cannot apply unary operator `-` to type `usize`
   --> bootstrap/src/oeis.rs:316:44
    |
316 |                 k = if k > 0 { -k } else { -k + 1 };
    |                                            ^^ cannot apply unary operator `-`
    |
    = note: unsigned values cannot be negated

error[E0038]: the trait `Godel` is not dyn compatible
   --> bootstrap/src/vectos.rs:146:20
    |
146 |             godel: Box::new(crate::godel::GodelNumber::default()),
    |                    ^^^^^^^^^^^^^^^^^^^^^^^^^^^^^^^^^^^^^^^^^^^^^^ `Godel` is not dyn compatible
    |
note: for a trait to be dyn compatible it needs to allow building a vtable
      for more information, visit <https://doc.rust-lang.org/reference/items/traits.html#dyn-compatibility>
   --> bootstrap/src/godel.rs:57:8
    |
6   | pub trait Godel {
    |           ----- this trait is not dyn compatible...
...
57  |     fn prime_factors(n: u64) -> Vec<(u64, u32)> {
    |        ^^^^^^^^^^^^^ ...because associated function `prime_factors` has no `self` parameter
    = help: only type `emojistage::EmojiStage` implements `Godel` within this crate; consider using it directly instead.
    = note: `Godel` may be implemented in other crates; if you want to support your users passing their own types here, you can't refer to a specific type
help: consider turning `prime_factors` into a method by giving it a `&self` argument
   --> bootstrap/src/godel.rs:57:22
    |
57  |     fn prime_factors(&self, n: u64) -> Vec<(u64, u32)> {
    |                      ++++++
help: alternatively, consider constraining `prime_factors` so it does not apply to trait objects
   --> bootstrap/src/godel.rs:57:48
    |
57  |     fn prime_factors(n: u64) -> Vec<(u64, u32)> where Self: Sized {
    |                                                 +++++++++++++++++

error[E0599]: no function or associated item named `default` found for struct `GodelNumber` in the current scope
   --> bootstrap/src/vectos.rs:146:56
    |
146 |             godel: Box::new(crate::godel::GodelNumber::default()),
    |                                                        ^^^^^^^ function or associated item not found in `GodelNumber<_>`
    |
   ::: bootstrap/src/godel.rs:127:1
    |
127 | pub struct GodelNumber<T: Godel> {
    | -------------------------------- function or associated item `default` not found for this struct
    |
note: if you're trying to build a new `GodelNumber<_>` consider using one of the following associated functions:
      GodelNumber::<T>::new
      GodelNumber::<T>::from_item
      GodelNumber::<T>::from_items
   --> bootstrap/src/godel.rs:134:5
    |
134 |     pub fn new(value: u64) -> Self {
    |     ^^^^^^^^^^^^^^^^^^^^^^^^^^^^^^
...
142 |     pub fn from_item(item: &T) -> Self {
    |     ^^^^^^^^^^^^^^^^^^^^^^^^^^^^^^^^^^
...
147 |     pub fn from_items(items: &[T]) -> Self {
    |     ^^^^^^^^^^^^^^^^^^^^^^^^^^^^^^^^^^^^^^
    = help: items from traits can only be used if the trait is implemented and in scope
    = note: the following trait defines an item `default`, perhaps you need to implement it:
            candidate #1: `Default`

error[E0038]: the trait `Godel` is not dyn compatible
   --> bootstrap/src/vectos.rs:146:20
    |
146 |             godel: Box::new(crate::godel::GodelNumber::default()),
    |                    ^^^^^^^^^^^^^^^^^^^^^^^^^^^^^^^^^^^^^^^^^^^^^^ `Godel` is not dyn compatible
    |
note: for a trait to be dyn compatible it needs to allow building a vtable
      for more information, visit <https://doc.rust-lang.org/reference/items/traits.html#dyn-compatibility>
   --> bootstrap/src/godel.rs:57:8
    |
6   | pub trait Godel {
    |           ----- this trait is not dyn compatible...
...
57  |     fn prime_factors(n: u64) -> Vec<(u64, u32)> {
    |        ^^^^^^^^^^^^^ ...because associated function `prime_factors` has no `self` parameter
    = help: only type `emojistage::EmojiStage` implements `Godel` within this crate; consider using it directly instead.
    = note: `Godel` may be implemented in other crates; if you want to support your users passing their own types here, you can't refer to a specific type
    = note: required for the cast from `Box<{type error}>` to `Box<(dyn Godel + 'static)>`
help: consider turning `prime_factors` into a method by giving it a `&self` argument
   --> bootstrap/src/godel.rs:57:22
    |
57  |     fn prime_factors(&self, n: u64) -> Vec<(u64, u32)> {
    |                      ++++++
help: alternatively, consider constraining `prime_factors` so it does not apply to trait objects
   --> bootstrap/src/godel.rs:57:48
    |
57  |     fn prime_factors(n: u64) -> Vec<(u64, u32)> where Self: Sized {
    |                                                 +++++++++++++++++

error[E0599]: no function or associated item named `default` found for struct `Bott8D` in the current scope
   --> bootstrap/src/vectos.rs:147:49
    |
147 |             bott: Box::new(crate::bott::Bott8D::default()),
    |                                                 ^^^^^^^ function or associated item not found in `Bott8D<_, _>`
    |
   ::: bootstrap/src/bott.rs:237:1
    |
237 | pub struct Bott8D<B, F> {
    | ----------------------- function or associated item `default` not found for this struct
    |
note: if you're trying to build a new `Bott8D<_, _>` consider using one of the following associated functions:
      Bott8D::<B, F>::new
      Bott8D::<B, F>::from_coordinates
   --> bootstrap/src/bott.rs:245:5
    |
245 |     pub fn new(base: B) -> Self {
    |     ^^^^^^^^^^^^^^^^^^^^^^^^^^^
...
254 |     pub fn from_coordinates(base: B, coords: [Option<F>; 8]) -> Self {
    |     ^^^^^^^^^^^^^^^^^^^^^^^^^^^^^^^^^^^^^^^^^^^^^^^^^^^^^^^^^^^^^^^^
    = help: items from traits can only be used if the trait is implemented and in scope
    = note: the following trait defines an item `default`, perhaps you need to implement it:
            candidate #1: `Default`

error[E0599]: no function or associated item named `default` found for struct `CliffordMultivector` in the current scope
   --> bootstrap/src/vectos.rs:148:70
    |
148 |             clifford: Box::new(crate::clifford::CliffordMultivector::default()),
    |                                                                      ^^^^^^^ function or associated item not found in `CliffordMultivector<_>`
    |
   ::: bootstrap/src/clifford.rs:452:1
    |
452 | pub struct CliffordMultivector<S> {
    | --------------------------------- function or associated item `default` not found for this struct
    |
note: if you're trying to build a new `CliffordMultivector<_>` consider using one of the following associated functions:
      CliffordMultivector::<S>::new
      CliffordMultivector::<S>::from_coefficients
   --> bootstrap/src/clifford.rs:460:5
    |
460 |     pub fn new(dimension: usize) -> Self {
    |     ^^^^^^^^^^^^^^^^^^^^^^^^^^^^^^^^^^^^
...
470 |     pub fn from_coefficients(dimension: usize, coeffs: Vec<S>) -> Self {
    |     ^^^^^^^^^^^^^^^^^^^^^^^^^^^^^^^^^^^^^^^^^^^^^^^^^^^^^^^^^^^^^^^^^^
    = help: items from traits can only be used if the trait is implemented and in scope
    = note: the following trait defines an item `default`, perhaps you need to implement it:
            candidate #1: `Default`

error[E0599]: no method named `compose_godel` found for struct `Box<(dyn Godel + 'static)>` in the current scope
   --> bootstrap/src/vectos.rs:166:50
    |
166 |                     let composition = self.godel.compose_godel(params[0] as u64, params[1] as u64);
    |                                       -----------^^^^^^^^^^^^^------------------------------------
    |                                       |          |
    |                                       |          this is an associated function, not a method
    |                                       help: use associated function syntax instead: `Box<(dyn Godel + 'static)>::compose_godel(params[0] as u64, params[1] as u64)`
    |
    = note: found the following associated functions; to be used as methods, functions must have a `self` parameter
note: the candidate is defined in the trait `Godel`
   --> bootstrap/src/godel.rs:17:5
    |
17  |     fn compose_godel(items: &[Self]) -> u64 where Self: Sized {
    |     ^^^^^^^^^^^^^^^^^^^^^^^^^^^^^^^^^^^^^^^^^^^^^^^^^^^^^^^^^

error[E0599]: no method named `compose_godel` found for struct `Box<(dyn Godel + 'static)>` in the current scope
   --> bootstrap/src/vectos.rs:276:44
    |
276 |         let godel_composition = self.godel.compose_godel(input, input * 2);
    |                                 -----------^^^^^^^^^^^^^------------------
    |                                 |          |
    |                                 |          this is an associated function, not a method
    |                                 help: use associated function syntax instead: `Box<(dyn Godel + 'static)>::compose_godel(input, input * 2)`
    |
    = note: found the following associated functions; to be used as methods, functions must have a `self` parameter
note: the candidate is defined in the trait `Godel`
   --> bootstrap/src/godel.rs:17:5
    |
17  |     fn compose_godel(items: &[Self]) -> u64 where Self: Sized {
    |     ^^^^^^^^^^^^^^^^^^^^^^^^^^^^^^^^^^^^^^^^^^^^^^^^^^^^^^^^^

error[E0599]: no method named `compose_godel` found for struct `Box<(dyn Godel + 'static)>` in the current scope
   --> bootstrap/src/vectos.rs:340:64
    |
340 |         let godel_numbers = (0..dimensions).map(|i| self.godel.compose_godel(i as u64, (i * 2) as u64)).collect();
    |                                                     -----------^^^^^^^^^^^^^--------------------------
    |                                                     |          |
    |                                                     |          this is an associated function, not a method
    |                                                     help: use associated function syntax instead: `Box<(dyn Godel + 'static)>::compose_godel(i as u64, (i * 2) as u64)`
    |
    = note: found the following associated functions; to be used as methods, functions must have a `self` parameter
note: the candidate is defined in the trait `Godel`
   --> bootstrap/src/godel.rs:17:5
    |
17  |     fn compose_godel(items: &[Self]) -> u64 where Self: Sized {
    |     ^^^^^^^^^^^^^^^^^^^^^^^^^^^^^^^^^^^^^^^^^^^^^^^^^^^^^^^^^

error[E0606]: casting `&u8` as `f64` is invalid
   --> bootstrap/src/vectos.rs:415:21
    |
415 |             let z = tessellation.get(i).and_then(|row| row.get(i)).unwrap_or(&0) as f64;
    |                     ^^^^^^^^^^^^^^^^^^^^^^^^^^^^^^^^^^^^^^^^^^^^^^^^^^^^^^^^^^^^^^^^^^^
    |
help: dereference the expression
    |
415 |             let z = *tessellation.get(i).and_then(|row| row.get(i)).unwrap_or(&0) as f64;
    |                     +

error[E0599]: no method named `calculate_coherence` found for reference `&Phase2Engine` in the current scope
   --> bootstrap/src/phase2.rs:265:30
    |
265 |         let coherence = self.calculate_coherence(system_state);
    |                              ^^^^^^^^^^^^^^^^^^^ method not found in `&Phase2Engine`

error[E0599]: no method named `calculate_mathematical_beauty` found for reference `&Phase2Engine` in the current scope
   --> bootstrap/src/phase2.rs:266:27
    |
266 |         let beauty = self.calculate_mathematical_beauty(system_state);
    |                           ^^^^^^^^^^^^^^^^^^^^^^^^^^^^^ method not found in `&Phase2Engine`

error[E0599]: no method named `calculate_complexity` found for reference `&Phase2Engine` in the current scope
   --> bootstrap/src/phase2.rs:267:31
    |
267 |         let complexity = self.calculate_complexity(system_state);
    |                               ^^^^^^^^^^^^^^^^^^^^ method not found in `&Phase2Engine`

error[E0599]: no method named `calculate_harmony_balance` found for reference `&Phase2Engine` in the current scope
   --> bootstrap/src/phase2.rs:268:28
    |
268 |         let harmony = self.calculate_harmony_balance(system_state);
    |                            ^^^^^^^^^^^^^^^^^^^^^^^^^ method not found in `&Phase2Engine`

error[E0599]: no method named `calculate_pattern_complexity` found for reference `&Phase2Engine` in the current scope
   --> bootstrap/src/phase2.rs:300:31
    |
300 |         let complexity = self.calculate_pattern_complexity(patterns);
    |                               ^^^^^^^^^^^^^^^^^^^^^^^^^^^^ method not found in `&Phase2Engine`

error[E0599]: no method named `calculate_pattern_regularity` found for reference `&Phase2Engine` in the current scope
   --> bootstrap/src/phase2.rs:301:31
    |
301 |         let regularity = self.calculate_pattern_regularity(patterns);
    |                               ^^^^^^^^^^^^^^^^^^^^^^^^^^^^ method not found in `&Phase2Engine`

error[E0599]: no method named `calculate_pattern_beauty` found for reference `&Phase2Engine` in the current scope
   --> bootstrap/src/phase2.rs:302:27
    |
302 |         let beauty = self.calculate_pattern_beauty(patterns);
    |                           ^^^^^^^^^^^^^^^^^^^^^^^^ method not found in `&Phase2Engine`

error[E0599]: no method named `calculate_mathematical_significance` found for reference `&Phase2Engine` in the current scope
   --> bootstrap/src/phase2.rs:303:33
    |
303 |         let significance = self.calculate_mathematical_significance(patterns);
    |                                 ^^^^^^^^^^^^^^^^^^^^^^^^^^^^^^^^^^^ method not found in `&Phase2Engine`

error[E0599]: no method named `analyze_code_complexity` found for reference `&Phase2Engine` in the current scope
   --> bootstrap/src/phase2.rs:346:31
    |
346 |         let complexity = self.analyze_code_complexity(code);
    |                               ^^^^^^^^^^^^^^^^^^^^^^^ method not found in `&Phase2Engine`

error[E0599]: no method named `analyze_maintainability` found for reference `&Phase2Engine` in the current scope
   --> bootstrap/src/phase2.rs:347:36
    |
347 |         let maintainability = self.analyze_maintainability(code);
    |                                    ^^^^^^^^^^^^^^^^^^^^^^^ method not found in `&Phase2Engine`

error[E0599]: no method named `analyze_efficiency` found for reference `&Phase2Engine` in the current scope
   --> bootstrap/src/phase2.rs:348:31
    |
348 |         let efficiency = self.analyze_efficiency(code);
    |                               ^^^^^^^^^^^^^^^^^^ method not found in `&Phase2Engine`

error[E0599]: no method named `analyze_code_beauty` found for reference `&Phase2Engine` in the current scope
   --> bootstrap/src/phase2.rs:349:27
    |
349 |         let beauty = self.analyze_code_beauty(code);
    |                           ^^^^^^^^^^^^^^^^^^^ method not found in `&Phase2Engine`

error[E0609]: no field `mathematical_beauty` on type `MathematicalUniverse`
   --> bootstrap/src/phase2.rs:529:21
    |
529 |             current.mathematical_beauty *= 1.01; // Gradual improvement
    |                     ^^^^^^^^^^^^^^^^^^^ unknown field
    |
    = note: available fields are: `dimensions`, `godel_numbers`, `bott_coordinates`, `clifford_multivectors`, `musical_voices` ... and 7 others

error[E0038]: the trait `Godel` is not dyn compatible
   --> bootstrap/src/number_embedding.rs:160:9
    |
160 |         Box::new(crate::godel::GodelNumber::new(self.godel_number))
    |         ^^^^^^^^^^^^^^^^^^^^^^^^^^^^^^^^^^^^^^^^^^^^^^^^^^^^^^^^^^^ `Godel` is not dyn compatible
    |
note: for a trait to be dyn compatible it needs to allow building a vtable
      for more information, visit <https://doc.rust-lang.org/reference/items/traits.html#dyn-compatibility>
   --> bootstrap/src/godel.rs:57:8
    |
6   | pub trait Godel {
    |           ----- this trait is not dyn compatible...
...
57  |     fn prime_factors(n: u64) -> Vec<(u64, u32)> {
    |        ^^^^^^^^^^^^^ ...because associated function `prime_factors` has no `self` parameter
    = help: only type `emojistage::EmojiStage` implements `Godel` within this crate; consider using it directly instead.
    = note: `Godel` may be implemented in other crates; if you want to support your users passing their own types here, you can't refer to a specific type
    = note: required for the cast from `Box<GodelNumber<_>>` to `Box<(dyn Godel + 'static)>`
help: consider turning `prime_factors` into a method by giving it a `&self` argument
   --> bootstrap/src/godel.rs:57:22
    |
57  |     fn prime_factors(&self, n: u64) -> Vec<(u64, u32)> {
    |                      ++++++
help: alternatively, consider constraining `prime_factors` so it does not apply to trait objects
   --> bootstrap/src/godel.rs:57:48
    |
57  |     fn prime_factors(n: u64) -> Vec<(u64, u32)> where Self: Sized {
    |                                                 +++++++++++++++++

error[E0308]: mismatched types
   --> bootstrap/src/number_embedding.rs:168:60
    |
168 |         Box::new(crate::clifford::CliffordMultivector::new(&self.clifford_vector))
    |                  ----------------------------------------- ^^^^^^^^^^^^^^^^^^^^^ expected `usize`, found `&Vec<f64>`
    |                  |
    |                  arguments to this function are incorrect
    |
    = note:   expected type `usize`
            found reference `&Vec<f64>`
note: associated function defined here
   --> bootstrap/src/clifford.rs:460:12
    |
460 |     pub fn new(dimension: usize) -> Self {
    |            ^^^ ----------------

error[E0038]: the trait `Godel` is not dyn compatible
   --> bootstrap/src/number_embedding.rs:212:26
    |
212 |         let godel = self.embedded_godel();
    |                          ^^^^^^^^^^^^^^ `Godel` is not dyn compatible
    |
note: for a trait to be dyn compatible it needs to allow building a vtable
      for more information, visit <https://doc.rust-lang.org/reference/items/traits.html#dyn-compatibility>
   --> bootstrap/src/godel.rs:57:8
    |
6   | pub trait Godel {
    |           ----- this trait is not dyn compatible...
...
57  |     fn prime_factors(n: u64) -> Vec<(u64, u32)> {
    |        ^^^^^^^^^^^^^ ...because associated function `prime_factors` has no `self` parameter
    = help: only type `emojistage::EmojiStage` implements `Godel` within this crate; consider using it directly instead.
    = note: `Godel` may be implemented in other crates; if you want to support your users passing their own types here, you can't refer to a specific type
help: consider turning `prime_factors` into a method by giving it a `&self` argument
   --> bootstrap/src/godel.rs:57:22
    |
57  |     fn prime_factors(&self, n: u64) -> Vec<(u64, u32)> {
    |                      ++++++
help: alternatively, consider constraining `prime_factors` so it does not apply to trait objects
   --> bootstrap/src/godel.rs:57:48
    |
57  |     fn prime_factors(n: u64) -> Vec<(u64, u32)> where Self: Sized {
    |                                                 +++++++++++++++++

error[E0599]: no method named `calculate_coherence` found for reference `&SelfAwareNumber` in the current scope
   --> bootstrap/src/number_embedding.rs:241:37
    |
241 |             overall_coherence: self.calculate_coherence(),
    |                                     ^^^^^^^^^^^^^^^^^^^ method not found in `&SelfAwareNumber`

error[E0606]: casting `&i64` as `f64` is invalid
   --> bootstrap/src/number_embedding.rs:238:28
    |
238 |             oeis_sequence: oeis.fibonacci_sequence(10).last().unwrap_or(&0) as f64 / 100.0,
    |                            ^^^^^^^^^^^^^^^^^^^^^^^^^^^^^^^^^^^^^^^^^^^^^^^^^^^^^^^
    |
help: dereference the expression
    |
238 |             oeis_sequence: *oeis.fibonacci_sequence(10).last().unwrap_or(&0) as f64 / 100.0,
    |                            +

error[E0038]: the trait `Godel` is not dyn compatible
   --> bootstrap/src/number_embedding.rs:253:44
    |
253 |             current.godel_number = current.embedded_godel().compose_godel(current.godel_number, i as u64);
    |                                            ^^^^^^^^^^^^^^ `Godel` is not dyn compatible
    |
note: for a trait to be dyn compatible it needs to allow building a vtable
      for more information, visit <https://doc.rust-lang.org/reference/items/traits.html#dyn-compatibility>
   --> bootstrap/src/godel.rs:57:8
    |
6   | pub trait Godel {
    |           ----- this trait is not dyn compatible...
...
57  |     fn prime_factors(n: u64) -> Vec<(u64, u32)> {
    |        ^^^^^^^^^^^^^ ...because associated function `prime_factors` has no `self` parameter
    = help: only type `emojistage::EmojiStage` implements `Godel` within this crate; consider using it directly instead.
    = note: `Godel` may be implemented in other crates; if you want to support your users passing their own types here, you can't refer to a specific type
help: consider turning `prime_factors` into a method by giving it a `&self` argument
   --> bootstrap/src/godel.rs:57:22
    |
57  |     fn prime_factors(&self, n: u64) -> Vec<(u64, u32)> {
    |                      ++++++
help: alternatively, consider constraining `prime_factors` so it does not apply to trait objects
   --> bootstrap/src/godel.rs:57:48
    |
57  |     fn prime_factors(n: u64) -> Vec<(u64, u32)> where Self: Sized {
    |                                                 +++++++++++++++++

error[E0599]: no method named `compose_godel` found for struct `Box<(dyn Godel + 'static)>` in the current scope
   --> bootstrap/src/number_embedding.rs:253:61
    |
253 |             current.godel_number = current.embedded_godel().compose_godel(current.godel_number, i as u64);
    |                                    -------------------------^^^^^^^^^^^^^--------------------------------
    |                                    |                        |
    |                                    |                        this is an associated function, not a method
    |                                    help: use associated function syntax instead: `Box<(dyn Godel + 'static)>::compose_godel(current.godel_number, i as u64)`
    |
    = note: found the following associated functions; to be used as methods, functions must have a `self` parameter
note: the candidate is defined in the trait `Godel`
   --> bootstrap/src/godel.rs:17:5
    |
17  |     fn compose_godel(items: &[Self]) -> u64 where Self: Sized {
    |     ^^^^^^^^^^^^^^^^^^^^^^^^^^^^^^^^^^^^^^^^^^^^^^^^^^^^^^^^^

error[E0308]: mismatched types
   --> bootstrap/src/number_embedding.rs:263:9
    |
246 |     fn evolve_self(&self, iterations: usize) -> Vec<Self> {
    |                                                 --------- expected `Vec<SelfAwareNumber>` because of return type
...
260 |             evolution.push(current.clone());
    |             ---------      --------------- this argument has type `&SelfAwareNumber`...
    |             |
    |             ... which causes `evolution` to have type `Vec<&SelfAwareNumber>`
...
263 |         evolution
    |         ^^^^^^^^^ expected `Vec<SelfAwareNumber>`, found `Vec<&SelfAwareNumber>`
    |
    = note: expected struct `Vec<SelfAwareNumber>`
               found struct `Vec<&SelfAwareNumber>`

error[E0599]: no method named `calculate_coherence` found for reference `&SelfAwareNumber` in the current scope
   --> bootstrap/src/number_embedding.rs:276:42
    |
276 |             mathematical_coherence: self.calculate_coherence() * other.calculate_coherence(),
    |                                          ^^^^^^^^^^^^^^^^^^^ method not found in `&SelfAwareNumber`

error[E0599]: no method named `calculate_coherence` found for reference `&SelfAwareNumber` in the current scope
   --> bootstrap/src/number_embedding.rs:276:72
    |
276 |             mathematical_coherence: self.calculate_coherence() * other.calculate_coherence(),
    |                                                                        ^^^^^^^^^^^^^^^^^^^ method not found in `&SelfAwareNumber`

error[E0599]: no method named `calculate_coherence` found for reference `&SelfAwareNumber` in the current scope
   --> bootstrap/src/number_embedding.rs:292:29
    |
292 |             stability: self.calculate_coherence(),
    |                             ^^^^^^^^^^^^^^^^^^^ method not found in `&SelfAwareNumber`

error[E0308]: mismatched types
   --> bootstrap/src/number_embedding.rs:306:36
    |
306 |             statistical_data: vec![self.statistical_data.clone()],
    |                                    ^^^^^^^^^^^^^^^^^^^^^^^^^^^^^ expected `f64`, found `Vec<f64>`
    |
    = note: expected type `f64`
             found struct `Vec<f64>`

error[E0599]: no method named `calculate_coherence` found for reference `&SelfAwareNumber` in the current scope
   --> bootstrap/src/number_embedding.rs:333:29
    |
333 |             coherence: self.calculate_coherence(),
    |                             ^^^^^^^^^^^^^^^^^^^ method not found in `&SelfAwareNumber`

error[E0277]: the trait bound `f64: Eq` is not satisfied
   --> bootstrap/src/number_embedding.rs:396:21
    |
396 |             numbers.insert(value, number);
    |                     ^^^^^^ the trait `Eq` is not implemented for `f64`
    |
    = help: the following other types implement trait `Eq`:
              i128
              i16
              i32
              i64
              i8
              isize
              u128
              u16
            and 4 others
note: required by a bound in `HashMap::<K, V, S>::insert`
   --> /rustc/17067e9ac6d7ecb70e50f92c1944e545188d2359/library/std/src/collections/hash/map.rs:1201:5

error[E0277]: the trait bound `f64: Hash` is not satisfied
   --> bootstrap/src/number_embedding.rs:396:21
    |
396 |             numbers.insert(value, number);
    |                     ^^^^^^ the trait `Hash` is not implemented for `f64`
    |
    = help: the following other types implement trait `Hash`:
              i128
              i16
              i32
              i64
              i8
              isize
              u128
              u16
            and 4 others
note: required by a bound in `HashMap::<K, V, S>::insert`
   --> /rustc/17067e9ac6d7ecb70e50f92c1944e545188d2359/library/std/src/collections/hash/map.rs:1201:5

error[E0599]: the method `insert` exists for struct `HashMap<f64, SelfAwareNumber>`, but its trait bounds were not satisfied
   --> bootstrap/src/number_embedding.rs:416:22
    |
416 |         self.numbers.insert(value, number);
    |                      ^^^^^^
    |
    = note: the following trait bounds were not satisfied:
            `f64: Eq`
            `f64: Hash`

error[E0599]: the method `get` exists for struct `HashMap<f64, SelfAwareNumber>`, but its trait bounds were not satisfied
   --> bootstrap/src/number_embedding.rs:417:22
    |
417 |         self.numbers.get(&value).unwrap()
    |                      ^^^ method cannot be called on `HashMap<f64, SelfAwareNumber>` due to unsatisfied trait bounds
    |
    = note: the following trait bounds were not satisfied:
            `f64: Eq`
            `f64: Hash`

error[E0308]: mismatched types
   --> bootstrap/src/number_embedding.rs:427:27
    |
427 |                 *number = evolved.clone();
    |                 -------   ^^^^^^^^^^^^^^^ expected `SelfAwareNumber`, found `&SelfAwareNumber`
    |                 |
    |                 expected due to the type of this binding
    |
note: `SelfAwareNumber` does not implement `Clone`, so `&SelfAwareNumber` was cloned instead
   --> bootstrap/src/number_embedding.rs:427:27
    |
427 |                 *number = evolved.clone();
    |                           ^^^^^^^
help: consider annotating `SelfAwareNumber` with `#[derive(Clone)]`
    |
100 + #[derive(Clone)]
101 | pub struct SelfAwareNumber {
    |

error[E0599]: no method named `calculate_coherence` found for reference `&SelfAwareNumber` in the current scope
   --> bootstrap/src/number_embedding.rs:437:24
    |
437 |             .map(|n| n.calculate_coherence())
    |                        ^^^^^^^^^^^^^^^^^^^ method not found in `&SelfAwareNumber`

error[E0599]: no method named `calculate_harmonic_resonance` found for reference `&HarmonicReducer` in the current scope
   --> bootstrap/src/phase_mapping.rs:131:38
    |
131 |                 let resonance = self.calculate_harmonic_resonance(embedding, phase);
    |                                      ^^^^^^^^^^^^^^^^^^^^^^^^^^^^
    |
help: there is a method `calculate_confidence` with a similar name
    |
131 -                 let resonance = self.calculate_harmonic_resonance(embedding, phase);
131 +                 let resonance = self.calculate_confidence(embedding, phase);
    |

error[E0599]: no method named `calculate_harmonic_resonance` found for reference `&HarmonicReducer` in the current scope
   --> bootstrap/src/phase_mapping.rs:143:14
    |
143 |         self.calculate_harmonic_resonance(embedding, phase)
    |              ^^^^^^^^^^^^^^^^^^^^^^^^^^^^
    |
help: there is a method `calculate_confidence` with a similar name
    |
143 -         self.calculate_harmonic_resonance(embedding, phase)
143 +         self.calculate_confidence(embedding, phase)
    |

error[E0277]: a value of type `Vec<&Vec<f64>>` cannot be built from an iterator over elements of type `&[{float}; 1]`
   --> bootstrap/src/phase_mapping.rs:313:14
    |
313 |             .collect();
    |              ^^^^^^^ value of type `Vec<&Vec<f64>>` cannot be built from `std::iter::Iterator<Item=&[{float}; 1]>`
    |
    = help: the trait `FromIterator<&[{float}; 1]>` is not implemented for `Vec<&Vec<f64>>`
            but trait `FromIterator<&Vec<f64>>` is implemented for it
    = help: for that trait implementation, expected `Vec<f64>`, found `[{float}; 1]`
note: the method call chain might not have had the expected associated types
   --> bootstrap/src/phase_mapping.rs:312:14
    |
306 |         let entities = self.get_phase_entities(phase);
    |                        ---- this expression has type `&PhaseMappingSystem`
...
310 |         let embeddings: Vec<&Vec<f64>> = entities.iter()
    |                                                   ------ `Iterator::Item` is `&String` here
311 |             .filter_map(|name| self.entity_phases.get(name))
    |              ----------------------------------------------- `Iterator::Item` changed to `&Phase` here
312 |             .map(|_| &[0.0]) // Placeholder - in real implementation, you'd store embeddings
    |              ^^^^^^^^^^^^^^^ `Iterator::Item` changed to `&[{float}; 1]` here
note: required by a bound in `collect`
   --> /rustc/17067e9ac6d7ecb70e50f92c1944e545188d2359/library/core/src/iter/traits/iterator.rs:1972:5

warning: unused import: `crate::clifford::Clifford`
 --> bootstrap/src/function_number_linkage.rs:4:5
  |
4 | use crate::clifford::Clifford;
  |     ^^^^^^^^^^^^^^^^^^^^^^^^^

error[E0004]: non-exhaustive patterns: `&EmojiStage::Network` not covered
  --> bootstrap/src/emojistage.rs:3:10
   |
3  | #[derive(Debug, Clone, PartialEq, Eq, Hash)]
   |          ^^^^^ pattern `&EmojiStage::Network` not covered
   |
note: `EmojiStage` defined here
  --> bootstrap/src/emojistage.rs:4:10
   |
4  | pub enum EmojiStage {
   |          ^^^^^^^^^^
...
60 |     Network,    // OSI Layer 3 - Network layer (routing, IP)
   |     ------- not covered
   = note: the matched value is of type `&EmojiStage`

error[E0004]: non-exhaustive patterns: `&EmojiStage::Network` not covered
  --> bootstrap/src/emojistage.rs:3:17
   |
3  | #[derive(Debug, Clone, PartialEq, Eq, Hash)]
   |                 ^^^^^ pattern `&EmojiStage::Network` not covered
   |
note: `EmojiStage` defined here
  --> bootstrap/src/emojistage.rs:4:10
   |
4  | pub enum EmojiStage {
   |          ^^^^^^^^^^
...
60 |     Network,    // OSI Layer 3 - Network layer (routing, IP)
   |     ------- not covered
   = note: the matched value is of type `&EmojiStage`

error[E0004]: non-exhaustive patterns: `&EmojiStage::Time`, `&EmojiStage::Unlucky`, `&EmojiStage::Composite` and 29 more not covered
   --> bootstrap/src/emojistage.rs:126:15
    |
126 |         match self {
    |               ^^^^ patterns `&EmojiStage::Time`, `&EmojiStage::Unlucky`, `&EmojiStage::Composite` and 29 more not covered
    |
note: `EmojiStage` defined here
   --> bootstrap/src/emojistage.rs:4:10
    |
4   | pub enum EmojiStage {
    |          ^^^^^^^^^^
...
19  |     Time,       // 12 - Time divisions
    |     ---- not covered
20  |     Unlucky,    // 13 - Unlucky number
    |     ------- not covered
21  |     Composite,  // 14 - Composite number
    |     --------- not covered
22  |     Pentadecagon, // 15 - Pentadecagon
    |     ------------ not covered
23  |     Hexadecagon,  // 16 - Hexadecagon
    |     ----------- not covered
    = note: the matched value is of type `&EmojiStage`
help: ensure that all possible cases are being handled by adding a match arm with a wildcard pattern as shown, or multiple match arms
    |
161 ~             EmojiStage::Unknown(s) => s.as_str(),
162 ~             _ => todo!(),
    |

warning: unused variable: `rules`
   --> bootstrap/src/bach.rs:478:60
    |
478 |     fn generate_counterpoint(&self, cantus_firmus: &Voice, rules: &CounterpointRules) -> Voice {
    |                                                            ^^^^^ help: if this is intentional, prefix it with an underscore: `_rules`
    |
    = note: `#[warn(unused_variables)]` on by default

warning: unused variable: `key`
   --> bootstrap/src/bach.rs:554:54
    |
554 |     fn generate_fugue_answer(&self, subject: &Voice, key: Note) -> Voice {
    |                                                      ^^^ help: if this is intentional, prefix it with an underscore: `_key`

warning: unused variable: `beat_value`
   --> bootstrap/src/bach.rs:623:21
    |
623 |         let (beats, beat_value) = meter;
    |                     ^^^^^^^^^^ help: if this is intentional, prefix it with an underscore: `_beat_value`

warning: unused variable: `complexity`
   --> bootstrap/src/bach.rs:622:56
    |
622 |     fn generate_rhythm_pattern(&self, meter: (u8, u8), complexity: f64) -> Vec<f64> {
    |                                                        ^^^^^^^^^^ help: if this is intentional, prefix it with an underscore: `_complexity`

error: lifetime may not live long enough
   --> bootstrap/src/bach.rs:976:13
    |
966 |         fn choose<T>(&mut self, slice: &[T]) -> Option<&T> {
    |                      -                 - let's call the lifetime of this reference `'1`
    |                      |
    |                      let's call the lifetime of this reference `'2`
...
976 |             slice.get(index)
    |             ^^^^^^^^^^^^^^^^ method was supposed to return data with lifetime `'2` but it is returning data with lifetime `'1`
    |
help: consider introducing a named lifetime parameter and update trait if needed
    |
966 |         fn choose<'a, T>(&mut self, slice: &'a [T]) -> Option<&'a T> {
    |                   +++                       ++                 ++

warning: unused variable: `pattern`
  --> bootstrap/src/escher.rs:35:37
   |
35 |     fn generate_tessellation(&self, pattern: &str, width: usize, height: usize) -> Vec<Vec<u8>> {
   |                                     ^^^^^^^ help: if this is intentional, prefix it with an underscore: `_pattern`

warning: unused variable: `phi`
  --> bootstrap/src/euler.rs:42:14
   |
42 |         let (phi, theta, psi) = angles;
   |              ^^^ help: if this is intentional, prefix it with an underscore: `_phi`

warning: unused variable: `theta`
  --> bootstrap/src/euler.rs:42:19
   |
42 |         let (phi, theta, psi) = angles;
   |                   ^^^^^ help: if this is intentional, prefix it with an underscore: `_theta`

warning: unused variable: `psi`
  --> bootstrap/src/euler.rs:42:26
   |
42 |         let (phi, theta, psi) = angles;
   |                          ^^^ help: if this is intentional, prefix it with an underscore: `_psi`

warning: unused variable: `masses`
  --> bootstrap/src/mach.rs:54:39
   |
54 |     fn universe_inertia_tensor(&self, masses: &[(f64, (f64, f64, f64))]) -> [[f64; 3]; 3] {
   |                                       ^^^^^^ help: if this is intentional, prefix it with an underscore: `_masses`

warning: unused variable: `reference_frame`
   --> bootstrap/src/vectos.rs:307:60
    |
307 |     fn ns_mach_physics(&self, velocity_field: &[[f64; 2]], reference_frame: (f64, f64, f64)) -> Vec<f64> {
    |                                                            ^^^^^^^^^^^^^^^ help: if this is intentional, prefix it with an underscore: `_reference_frame`

warning: unused variable: `current_state`
   --> bootstrap/src/phase2.rs:394:35
    |
394 |     fn llm_optimize_system(&self, current_state: &MathematicalUniverse) -> OptimizationPlan {
    |                                   ^^^^^^^^^^^^^ help: if this is intentional, prefix it with an underscore: `_current_state`

warning: unused variable: `godel_numbers`
   --> bootstrap/src/phase2.rs:429:42
    |
429 |     fn reflect_on_godel_structure(&self, godel_numbers: &[u64]) -> GodelReflection {
    |                                          ^^^^^^^^^^^^^ help: if this is intentional, prefix it with an underscore: `_godel_numbers`

Some errors have detailed explanations: E0004, E0038, E0046, E0191, E0201, E0277, E0308, E0369, E0407...
For more information about an error, try `rustc --explain E0004`.
warning: `bootstrap` (lib) generated 44 warnings
error: could not compile `bootstrap` (lib) due to 264 previous errors; 44 warnings emitted
